uv run python -m lecarb train -s123 -dcensus13 -voriginal -wbase -edeepdb --params "{'hdf_sample_size': 1000000, 'rdc_threshold': 0.4, 'ratio_min_instance_slice': 0.01}" --sizelimit 0
Uninstalled 1 package in 0.96ms
Installed 1 package in 5ms
/home/student.unimelb.edu.au/yli16636/Desktop/AreCELearnedYet/.venv/lib/python3.8/site-packages/dask/dataframe/utils.py:15: FutureWarning: pandas.util.testing is deprecated. Use the functions in the public API at pandas.testing instead.
  import pandas.util.testing as tm
[2026-05-16 09:46:14,766 INFO] lecarb.estimator.deepdb.deepdb: params: {'hdf_sample_size': 1000000, 'rdc_threshold': 0.4, 'ratio_min_instance_slice': 0.01}
[2026-05-16 09:46:14,767 INFO] lecarb.dataset.dataset: table exists, load...
[2026-05-16 09:46:14,774 INFO] lecarb.dataset.dataset: load finished: Table census13_original (48842 rows, 4.84MB, columns:
Column(age, type=int64, vocab size=74, min=17, max=90, has NaN=False)
Column(workclass, type=category, vocab size=9, min=?, max=Without-pay, has NaN=False)
Column(education, type=category, vocab size=16, min=10th, max=Some-college, has NaN=False)
Column(education_num, type=int64, vocab size=16, min=1, max=16, has NaN=False)
Column(marital_status, type=category, vocab size=7, min=Divorced, max=Widowed, has NaN=False)
Column(occupation, type=category, vocab size=15, min=?, max=Transport-moving, has NaN=False)
Column(relationship, type=category, vocab size=6, min=Husband, max=Wife, has NaN=False)
Column(race, type=category, vocab size=5, min=Amer-Indian-Eskimo, max=White, has NaN=False)
Column(sex, type=category, vocab size=2, min=Female, max=Male, has NaN=False)
Column(capital_gain, type=int64, vocab size=123, min=0, max=99999, has NaN=False)
Column(capital_loss, type=int64, vocab size=99, min=0, max=4356, has NaN=False)
Column(hours_per_week, type=int64, vocab size=96, min=1, max=99, has NaN=False)
Column(native_country, type=category, vocab size=42, min=?, max=Yugoslavia, has NaN=False))
[2026-05-16 09:46:16,769 INFO] lecarb.estimator.deepdb.deepdb: Use existing hdf file!
[2026-05-16 09:46:16,770 INFO] lecarb.estimator.deepdb.deepdb: table name: "census13_original"
[2026-05-16 09:46:16,835 INFO] lecarb.estimator.deepdb.deepdb: Start learning SPN for "census13_original".
/home/student.unimelb.edu.au/yli16636/Desktop/AreCELearnedYet/.venv/lib/python3.8/site-packages/sklearn/cross_decomposition/_pls.py:353: UserWarning: X scores are null at iteration 0
  warnings.warn('X scores are null at iteration %s' % k)
/home/student.unimelb.edu.au/yli16636/Desktop/AreCELearnedYet/.venv/lib/python3.8/site-packages/numpy/lib/function_base.py:2534: RuntimeWarning: invalid value encountered in true_divide
  c /= stddev[:, None]
/home/student.unimelb.edu.au/yli16636/Desktop/AreCELearnedYet/.venv/lib/python3.8/site-packages/numpy/lib/function_base.py:2534: RuntimeWarning: invalid value encountered in true_divide
  c /= stddev[:, None]
/home/student.unimelb.edu.au/yli16636/Desktop/AreCELearnedYet/.venv/lib/python3.8/site-packages/sklearn/cross_decomposition/_pls.py:353: UserWarning: X scores are null at iteration 0
  warnings.warn('X scores are null at iteration %s' % k)
/home/student.unimelb.edu.au/yli16636/Desktop/AreCELearnedYet/.venv/lib/python3.8/site-packages/sklearn/cross_decomposition/_pls.py:353: UserWarning: X scores are null at iteration 0
  warnings.warn('X scores are null at iteration %s' % k)
/home/student.unimelb.edu.au/yli16636/Desktop/AreCELearnedYet/.venv/lib/python3.8/site-packages/numpy/lib/function_base.py:2534: RuntimeWarning: invalid value encountered in true_divide
  c /= stddev[:, None]
/home/student.unimelb.edu.au/yli16636/Desktop/AreCELearnedYet/.venv/lib/python3.8/site-packages/numpy/lib/function_base.py:2534: RuntimeWarning: invalid value encountered in true_divide
  c /= stddev[:, None]
/home/student.unimelb.edu.au/yli16636/Desktop/AreCELearnedYet/.venv/lib/python3.8/site-packages/sklearn/cross_decomposition/_pls.py:353: UserWarning: X scores are null at iteration 0
  warnings.warn('X scores are null at iteration %s' % k)
/home/student.unimelb.edu.au/yli16636/Desktop/AreCELearnedYet/.venv/lib/python3.8/site-packages/numpy/lib/function_base.py:2534: RuntimeWarning: invalid value encountered in true_divide
  c /= stddev[:, None]
/home/student.unimelb.edu.au/yli16636/Desktop/AreCELearnedYet/.venv/lib/python3.8/site-packages/sklearn/cross_decomposition/_pls.py:353: UserWarning: X scores are null at iteration 0
  warnings.warn('X scores are null at iteration %s' % k)
/home/student.unimelb.edu.au/yli16636/Desktop/AreCELearnedYet/.venv/lib/python3.8/site-packages/sklearn/cross_decomposition/_pls.py:353: UserWarning: X scores are null at iteration 0
  warnings.warn('X scores are null at iteration %s' % k)
/home/student.unimelb.edu.au/yli16636/Desktop/AreCELearnedYet/.venv/lib/python3.8/site-packages/numpy/lib/function_base.py:2534: RuntimeWarning: invalid value encountered in true_divide
  c /= stddev[:, None]
/home/student.unimelb.edu.au/yli16636/Desktop/AreCELearnedYet/.venv/lib/python3.8/site-packages/sklearn/cross_decomposition/_pls.py:353: UserWarning: X scores are null at iteration 0
  warnings.warn('X scores are null at iteration %s' % k)
/home/student.unimelb.edu.au/yli16636/Desktop/AreCELearnedYet/.venv/lib/python3.8/site-packages/sklearn/cross_decomposition/_pls.py:353: UserWarning: X scores are null at iteration 0
  warnings.warn('X scores are null at iteration %s' % k)
/home/student.unimelb.edu.au/yli16636/Desktop/AreCELearnedYet/.venv/lib/python3.8/site-packages/numpy/lib/function_base.py:2534: RuntimeWarning: invalid value encountered in true_divide
  c /= stddev[:, None]
/home/student.unimelb.edu.au/yli16636/Desktop/AreCELearnedYet/.venv/lib/python3.8/site-packages/sklearn/cross_decomposition/_pls.py:353: UserWarning: X scores are null at iteration 0
  warnings.warn('X scores are null at iteration %s' % k)
/home/student.unimelb.edu.au/yli16636/Desktop/AreCELearnedYet/.venv/lib/python3.8/site-packages/numpy/lib/function_base.py:2534: RuntimeWarning: invalid value encountered in true_divide
  c /= stddev[:, None]
/home/student.unimelb.edu.au/yli16636/Desktop/AreCELearnedYet/.venv/lib/python3.8/site-packages/numpy/lib/function_base.py:2534: RuntimeWarning: invalid value encountered in true_divide
  c /= stddev[:, None]
/home/student.unimelb.edu.au/yli16636/Desktop/AreCELearnedYet/.venv/lib/python3.8/site-packages/numpy/lib/function_base.py:2534: RuntimeWarning: invalid value encountered in true_divide
  c /= stddev[:, None]
/home/student.unimelb.edu.au/yli16636/Desktop/AreCELearnedYet/.venv/lib/python3.8/site-packages/sklearn/cross_decomposition/_pls.py:353: UserWarning: X scores are null at iteration 0
  warnings.warn('X scores are null at iteration %s' % k)
/home/student.unimelb.edu.au/yli16636/Desktop/AreCELearnedYet/.venv/lib/python3.8/site-packages/numpy/lib/function_base.py:2534: RuntimeWarning: invalid value encountered in true_divide
  c /= stddev[:, None]
/home/student.unimelb.edu.au/yli16636/Desktop/AreCELearnedYet/.venv/lib/python3.8/site-packages/sklearn/cross_decomposition/_pls.py:96: ConvergenceWarning: Maximum number of iterations reached
  warnings.warn('Maximum number of iterations reached',
/home/student.unimelb.edu.au/yli16636/Desktop/AreCELearnedYet/.venv/lib/python3.8/site-packages/sklearn/cross_decomposition/_pls.py:353: UserWarning: X scores are null at iteration 0
  warnings.warn('X scores are null at iteration %s' % k)
/home/student.unimelb.edu.au/yli16636/Desktop/AreCELearnedYet/.venv/lib/python3.8/site-packages/numpy/lib/function_base.py:2534: RuntimeWarning: invalid value encountered in true_divide
  c /= stddev[:, None]
/home/student.unimelb.edu.au/yli16636/Desktop/AreCELearnedYet/.venv/lib/python3.8/site-packages/sklearn/cross_decomposition/_pls.py:96: ConvergenceWarning: Maximum number of iterations reached
  warnings.warn('Maximum number of iterations reached',
/home/student.unimelb.edu.au/yli16636/Desktop/AreCELearnedYet/.venv/lib/python3.8/site-packages/sklearn/cross_decomposition/_pls.py:96: ConvergenceWarning: Maximum number of iterations reached
  warnings.warn('Maximum number of iterations reached',
/home/student.unimelb.edu.au/yli16636/Desktop/AreCELearnedYet/.venv/lib/python3.8/site-packages/sklearn/cross_decomposition/_pls.py:353: UserWarning: X scores are null at iteration 0
  warnings.warn('X scores are null at iteration %s' % k)
/home/student.unimelb.edu.au/yli16636/Desktop/AreCELearnedYet/.venv/lib/python3.8/site-packages/numpy/lib/function_base.py:2534: RuntimeWarning: invalid value encountered in true_divide
  c /= stddev[:, None]
/home/student.unimelb.edu.au/yli16636/Desktop/AreCELearnedYet/.venv/lib/python3.8/site-packages/sklearn/cross_decomposition/_pls.py:353: UserWarning: X scores are null at iteration 0
  warnings.warn('X scores are null at iteration %s' % k)
/home/student.unimelb.edu.au/yli16636/Desktop/AreCELearnedYet/.venv/lib/python3.8/site-packages/numpy/lib/function_base.py:2534: RuntimeWarning: invalid value encountered in true_divide
  c /= stddev[:, None]
/home/student.unimelb.edu.au/yli16636/Desktop/AreCELearnedYet/.venv/lib/python3.8/site-packages/sklearn/cross_decomposition/_pls.py:353: UserWarning: X scores are null at iteration 0
  warnings.warn('X scores are null at iteration %s' % k)
/home/student.unimelb.edu.au/yli16636/Desktop/AreCELearnedYet/.venv/lib/python3.8/site-packages/numpy/lib/function_base.py:2534: RuntimeWarning: invalid value encountered in true_divide
  c /= stddev[:, None]
/home/student.unimelb.edu.au/yli16636/Desktop/AreCELearnedYet/.venv/lib/python3.8/site-packages/sklearn/cross_decomposition/_pls.py:353: UserWarning: X scores are null at iteration 0
  warnings.warn('X scores are null at iteration %s' % k)
/home/student.unimelb.edu.au/yli16636/Desktop/AreCELearnedYet/.venv/lib/python3.8/site-packages/numpy/lib/function_base.py:2534: RuntimeWarning: invalid value encountered in true_divide
  c /= stddev[:, None]
/home/student.unimelb.edu.au/yli16636/Desktop/AreCELearnedYet/.venv/lib/python3.8/site-packages/sklearn/cross_decomposition/_pls.py:353: UserWarning: X scores are null at iteration 0
  warnings.warn('X scores are null at iteration %s' % k)
/home/student.unimelb.edu.au/yli16636/Desktop/AreCELearnedYet/.venv/lib/python3.8/site-packages/numpy/lib/function_base.py:2534: RuntimeWarning: invalid value encountered in true_divide
  c /= stddev[:, None]
[2026-05-16 09:49:04,647 INFO] lecarb.estimator.deepdb.deepdb: SPN built finished, time spent since start: 2.8 mins with 0.03MB size of memory
INFO:lecarb.estimator.deepdb.deepdb:SPN built finished, time spent since start: 2.8 mins with 0.03MB size of memory
[2026-05-16 09:49:04,649 INFO] lecarb.estimator.deepdb.deepdb: Final SPN: {'nodes': 523, 'edges': 361, 'layers': 11, 'count_per_type': {<class 'aqp_spn.aqp_leaves.Sum'>: 31, <class 'spn.structure.Base.Product'>: 161, <class 'aqp_spn.aqp_leaves.IdentityNumericLeaf'>: 66, <class 'aqp_spn.aqp_leaves.Categorical'>: 265}}
INFO:lecarb.estimator.deepdb.deepdb:Final SPN: {'nodes': 523, 'edges': 361, 'layers': 11, 'count_per_type': {<class 'aqp_spn.aqp_leaves.Sum'>: 31, <class 'spn.structure.Base.Product'>: 161, <class 'aqp_spn.aqp_leaves.IdentityNumericLeaf'>: 66, <class 'aqp_spn.aqp_leaves.Categorical'>: 265}}
[2026-05-16 09:49:04,649 INFO] lecarb.estimator.deepdb.deepdb: Evaluating on valid set with 100 queries...
INFO:lecarb.estimator.deepdb.deepdb:Evaluating on valid set with 100 queries...
[2026-05-16 09:49:04,961 INFO] lecarb.estimator.utils: {'max': 18.8, '99th': 7.118000000000061, '95th': 5.039999999999997, '90th': 3.5447204968944157, 'median': 1.155144269466433, 'mean': 1.872471072170277, 'gmean': 1.4868171677234365}
INFO:lecarb.estimator.utils:{'max': 18.8, '99th': 7.118000000000061, '95th': 5.039999999999997, '90th': 3.5447204968944157, 'median': 1.155144269466433, 'mean': 1.872471072170277, 'gmean': 1.4868171677234365}
[2026-05-16 09:49:04,964 INFO] lecarb.estimator.deepdb.deepdb: Training finished! Save model to output/model/census13/original-spn_sample48842_rdc0.4_ms0.01-123.pkl Time spent since start: 2.80 mins
INFO:lecarb.estimator.deepdb.deepdb:Training finished! Save model to output/model/census13/original-spn_sample48842_rdc0.4_ms0.01-123.pkl Time spent since start: 2.80 mins
