uv run python -m lecarb test -s123 -dcensus13 -voriginal -wbase -emhist --params "{'version': 'original', 'num_bins': 30000}"
Uninstalled 1 package in 1ms
Installed 1 package in 3ms
/home/student.unimelb.edu.au/yli16636/Desktop/AreCELearnedYet/.venv/lib/python3.8/site-packages/dask/dataframe/utils.py:15: FutureWarning: pandas.util.testing is deprecated. Use the functions in the public API at pandas.testing instead.
  import pandas.util.testing as tm
[2026-05-15 14:15:47,415 INFO] lecarb.dataset.dataset: table exists, load...
[2026-05-15 14:15:47,418 INFO] lecarb.dataset.dataset: load finished: Table census13_original (48842 rows, 4.84MB, columns:
Column(age, type=int64, vocab size=74, min=17, max=90, has NaN=False)
Column(workclass, type=category, vocab size=9, min=?, max=Without-pay, has NaN=False)
Column(education, type=category, vocab size=16, min=10th, max=Some-college, has NaN=False)
Column(education_num, type=int64, vocab size=16, min=1, max=16, has NaN=False)
Column(marital_status, type=category, vocab size=7, min=Divorced, max=Widowed, has NaN=False)
Column(occupation, type=category, vocab size=15, min=?, max=Transport-moving, has NaN=False)
Column(relationship, type=category, vocab size=6, min=Husband, max=Wife, has NaN=False)
Column(race, type=category, vocab size=5, min=Amer-Indian-Eskimo, max=White, has NaN=False)
Column(sex, type=category, vocab size=2, min=Female, max=Male, has NaN=False)
Column(capital_gain, type=int64, vocab size=123, min=0, max=99999, has NaN=False)
Column(capital_loss, type=int64, vocab size=99, min=0, max=4356, has NaN=False)
Column(hours_per_week, type=int64, vocab size=96, min=1, max=99, has NaN=False)
Column(native_country, type=category, vocab size=42, min=?, max=Yugoslavia, has NaN=False))
[2026-05-15 14:15:47,418 INFO] lecarb.estimator.mhist: Construct MHist with at most 30000 bins...
[2026-05-15 14:15:48,949 INFO] lecarb.estimator.mhist: Constructed 100 partitions!
[2026-05-15 14:15:50,425 INFO] lecarb.estimator.mhist: Constructed 200 partitions!
[2026-05-15 14:15:51,883 INFO] lecarb.estimator.mhist: Constructed 300 partitions!
[2026-05-15 14:15:53,316 INFO] lecarb.estimator.mhist: Constructed 400 partitions!
[2026-05-15 14:15:54,803 INFO] lecarb.estimator.mhist: Constructed 500 partitions!
[2026-05-15 14:15:56,266 INFO] lecarb.estimator.mhist: Constructed 600 partitions!
[2026-05-15 14:15:57,714 INFO] lecarb.estimator.mhist: Constructed 700 partitions!
[2026-05-15 14:15:59,118 INFO] lecarb.estimator.mhist: Constructed 800 partitions!
[2026-05-15 14:16:00,599 INFO] lecarb.estimator.mhist: Constructed 900 partitions!
[2026-05-15 14:16:02,072 INFO] lecarb.estimator.mhist: Constructed 1000 partitions!
[2026-05-15 14:16:03,466 INFO] lecarb.estimator.mhist: Constructed 1100 partitions!
[2026-05-15 14:16:04,872 INFO] lecarb.estimator.mhist: Constructed 1200 partitions!
[2026-05-15 14:16:06,308 INFO] lecarb.estimator.mhist: Constructed 1300 partitions!
[2026-05-15 14:16:07,857 INFO] lecarb.estimator.mhist: Constructed 1400 partitions!
[2026-05-15 14:16:09,374 INFO] lecarb.estimator.mhist: Constructed 1500 partitions!
[2026-05-15 14:16:10,890 INFO] lecarb.estimator.mhist: Constructed 1600 partitions!
[2026-05-15 14:16:12,431 INFO] lecarb.estimator.mhist: Constructed 1700 partitions!
[2026-05-15 14:16:14,179 INFO] lecarb.estimator.mhist: Constructed 1800 partitions!
[2026-05-15 14:16:15,778 INFO] lecarb.estimator.mhist: Constructed 1900 partitions!
[2026-05-15 14:16:17,365 INFO] lecarb.estimator.mhist: Constructed 2000 partitions!
[2026-05-15 14:16:18,868 INFO] lecarb.estimator.mhist: Constructed 2100 partitions!
[2026-05-15 14:16:20,343 INFO] lecarb.estimator.mhist: Constructed 2200 partitions!
[2026-05-15 14:16:21,963 INFO] lecarb.estimator.mhist: Constructed 2300 partitions!
[2026-05-15 14:16:23,425 INFO] lecarb.estimator.mhist: Constructed 2400 partitions!
[2026-05-15 14:16:25,033 INFO] lecarb.estimator.mhist: Constructed 2500 partitions!
[2026-05-15 14:16:26,495 INFO] lecarb.estimator.mhist: Constructed 2600 partitions!
[2026-05-15 14:16:27,943 INFO] lecarb.estimator.mhist: Constructed 2700 partitions!
[2026-05-15 14:16:29,415 INFO] lecarb.estimator.mhist: Constructed 2800 partitions!
[2026-05-15 14:16:30,859 INFO] lecarb.estimator.mhist: Constructed 2900 partitions!
[2026-05-15 14:16:32,472 INFO] lecarb.estimator.mhist: Constructed 3000 partitions!
[2026-05-15 14:16:33,886 INFO] lecarb.estimator.mhist: Constructed 3100 partitions!
[2026-05-15 14:16:35,367 INFO] lecarb.estimator.mhist: Constructed 3200 partitions!
[2026-05-15 14:16:36,831 INFO] lecarb.estimator.mhist: Constructed 3300 partitions!
[2026-05-15 14:16:38,297 INFO] lecarb.estimator.mhist: Constructed 3400 partitions!
[2026-05-15 14:16:39,784 INFO] lecarb.estimator.mhist: Constructed 3500 partitions!
[2026-05-15 14:16:41,456 INFO] lecarb.estimator.mhist: Constructed 3600 partitions!
[2026-05-15 14:16:42,934 INFO] lecarb.estimator.mhist: Constructed 3700 partitions!
[2026-05-15 14:16:44,436 INFO] lecarb.estimator.mhist: Constructed 3800 partitions!
[2026-05-15 14:16:45,972 INFO] lecarb.estimator.mhist: Constructed 3900 partitions!
[2026-05-15 14:16:47,487 INFO] lecarb.estimator.mhist: Constructed 4000 partitions!
[2026-05-15 14:16:48,972 INFO] lecarb.estimator.mhist: Constructed 4100 partitions!
[2026-05-15 14:16:50,456 INFO] lecarb.estimator.mhist: Constructed 4200 partitions!
[2026-05-15 14:16:52,371 INFO] lecarb.estimator.mhist: Constructed 4300 partitions!
[2026-05-15 14:16:53,981 INFO] lecarb.estimator.mhist: Constructed 4400 partitions!
[2026-05-15 14:16:55,414 INFO] lecarb.estimator.mhist: Constructed 4500 partitions!
[2026-05-15 14:16:56,921 INFO] lecarb.estimator.mhist: Constructed 4600 partitions!
[2026-05-15 14:16:58,445 INFO] lecarb.estimator.mhist: Constructed 4700 partitions!
[2026-05-15 14:16:59,989 INFO] lecarb.estimator.mhist: Constructed 4800 partitions!
[2026-05-15 14:17:01,562 INFO] lecarb.estimator.mhist: Constructed 4900 partitions!
[2026-05-15 14:17:03,442 INFO] lecarb.estimator.mhist: Constructed 5000 partitions!
[2026-05-15 14:17:04,956 INFO] lecarb.estimator.mhist: Constructed 5100 partitions!
[2026-05-15 14:17:06,458 INFO] lecarb.estimator.mhist: Constructed 5200 partitions!
[2026-05-15 14:17:07,947 INFO] lecarb.estimator.mhist: Constructed 5300 partitions!
[2026-05-15 14:17:09,429 INFO] lecarb.estimator.mhist: Constructed 5400 partitions!
[2026-05-15 14:17:10,904 INFO] lecarb.estimator.mhist: Constructed 5500 partitions!
[2026-05-15 14:17:12,453 INFO] lecarb.estimator.mhist: Constructed 5600 partitions!
[2026-05-15 14:17:13,990 INFO] lecarb.estimator.mhist: Constructed 5700 partitions!
[2026-05-15 14:17:15,537 INFO] lecarb.estimator.mhist: Constructed 5800 partitions!
[2026-05-15 14:17:17,490 INFO] lecarb.estimator.mhist: Constructed 5900 partitions!
[2026-05-15 14:17:19,035 INFO] lecarb.estimator.mhist: Constructed 6000 partitions!
[2026-05-15 14:17:20,667 INFO] lecarb.estimator.mhist: Constructed 6100 partitions!
[2026-05-15 14:17:22,284 INFO] lecarb.estimator.mhist: Constructed 6200 partitions!
[2026-05-15 14:17:23,848 INFO] lecarb.estimator.mhist: Constructed 6300 partitions!
[2026-05-15 14:17:25,384 INFO] lecarb.estimator.mhist: Constructed 6400 partitions!
[2026-05-15 14:17:26,957 INFO] lecarb.estimator.mhist: Constructed 6500 partitions!
[2026-05-15 14:17:28,495 INFO] lecarb.estimator.mhist: Constructed 6600 partitions!
[2026-05-15 14:17:30,301 INFO] lecarb.estimator.mhist: Constructed 6700 partitions!
[2026-05-15 14:17:32,297 INFO] lecarb.estimator.mhist: Constructed 6800 partitions!
[2026-05-15 14:17:33,839 INFO] lecarb.estimator.mhist: Constructed 6900 partitions!
[2026-05-15 14:17:35,469 INFO] lecarb.estimator.mhist: Constructed 7000 partitions!
[2026-05-15 14:17:37,270 INFO] lecarb.estimator.mhist: Constructed 7100 partitions!
[2026-05-15 14:17:39,059 INFO] lecarb.estimator.mhist: Constructed 7200 partitions!
[2026-05-15 14:17:40,729 INFO] lecarb.estimator.mhist: Constructed 7300 partitions!
[2026-05-15 14:17:42,383 INFO] lecarb.estimator.mhist: Constructed 7400 partitions!
[2026-05-15 14:17:43,936 INFO] lecarb.estimator.mhist: Constructed 7500 partitions!
[2026-05-15 14:17:45,536 INFO] lecarb.estimator.mhist: Constructed 7600 partitions!
[2026-05-15 14:17:47,244 INFO] lecarb.estimator.mhist: Constructed 7700 partitions!
[2026-05-15 14:17:49,001 INFO] lecarb.estimator.mhist: Constructed 7800 partitions!
[2026-05-15 14:17:51,180 INFO] lecarb.estimator.mhist: Constructed 7900 partitions!
[2026-05-15 14:17:52,804 INFO] lecarb.estimator.mhist: Constructed 8000 partitions!
[2026-05-15 14:17:54,471 INFO] lecarb.estimator.mhist: Constructed 8100 partitions!
[2026-05-15 14:17:56,156 INFO] lecarb.estimator.mhist: Constructed 8200 partitions!
[2026-05-15 14:17:57,951 INFO] lecarb.estimator.mhist: Constructed 8300 partitions!
[2026-05-15 14:17:59,620 INFO] lecarb.estimator.mhist: Constructed 8400 partitions!
[2026-05-15 14:18:01,261 INFO] lecarb.estimator.mhist: Constructed 8500 partitions!
[2026-05-15 14:18:02,948 INFO] lecarb.estimator.mhist: Constructed 8600 partitions!
[2026-05-15 14:18:04,641 INFO] lecarb.estimator.mhist: Constructed 8700 partitions!
[2026-05-15 14:18:06,301 INFO] lecarb.estimator.mhist: Constructed 8800 partitions!
[2026-05-15 14:18:07,969 INFO] lecarb.estimator.mhist: Constructed 8900 partitions!
[2026-05-15 14:18:09,591 INFO] lecarb.estimator.mhist: Constructed 9000 partitions!
[2026-05-15 14:18:11,957 INFO] lecarb.estimator.mhist: Constructed 9100 partitions!
[2026-05-15 14:18:13,772 INFO] lecarb.estimator.mhist: Constructed 9200 partitions!
[2026-05-15 14:18:15,562 INFO] lecarb.estimator.mhist: Constructed 9300 partitions!
[2026-05-15 14:18:17,643 INFO] lecarb.estimator.mhist: Constructed 9400 partitions!
[2026-05-15 14:18:19,262 INFO] lecarb.estimator.mhist: Constructed 9500 partitions!
[2026-05-15 14:18:21,225 INFO] lecarb.estimator.mhist: Constructed 9600 partitions!
[2026-05-15 14:18:23,034 INFO] lecarb.estimator.mhist: Constructed 9700 partitions!
[2026-05-15 14:18:24,795 INFO] lecarb.estimator.mhist: Constructed 9800 partitions!
[2026-05-15 14:18:26,626 INFO] lecarb.estimator.mhist: Constructed 9900 partitions!
[2026-05-15 14:18:28,332 INFO] lecarb.estimator.mhist: Constructed 10000 partitions!
[2026-05-15 14:18:29,995 INFO] lecarb.estimator.mhist: Constructed 10100 partitions!
[2026-05-15 14:18:31,734 INFO] lecarb.estimator.mhist: Constructed 10200 partitions!
[2026-05-15 14:18:33,437 INFO] lecarb.estimator.mhist: Constructed 10300 partitions!
[2026-05-15 14:18:35,146 INFO] lecarb.estimator.mhist: Constructed 10400 partitions!
[2026-05-15 14:18:37,785 INFO] lecarb.estimator.mhist: Constructed 10500 partitions!
[2026-05-15 14:18:39,505 INFO] lecarb.estimator.mhist: Constructed 10600 partitions!
[2026-05-15 14:18:41,286 INFO] lecarb.estimator.mhist: Constructed 10700 partitions!
[2026-05-15 14:18:43,000 INFO] lecarb.estimator.mhist: Constructed 10800 partitions!
[2026-05-15 14:18:44,701 INFO] lecarb.estimator.mhist: Constructed 10900 partitions!
[2026-05-15 14:18:46,440 INFO] lecarb.estimator.mhist: Constructed 11000 partitions!
[2026-05-15 14:18:48,151 INFO] lecarb.estimator.mhist: Constructed 11100 partitions!
[2026-05-15 14:18:49,967 INFO] lecarb.estimator.mhist: Constructed 11200 partitions!
[2026-05-15 14:18:51,732 INFO] lecarb.estimator.mhist: Constructed 11300 partitions!
[2026-05-15 14:18:53,877 INFO] lecarb.estimator.mhist: Constructed 11400 partitions!
[2026-05-15 14:18:55,696 INFO] lecarb.estimator.mhist: Constructed 11500 partitions!
[2026-05-15 14:18:57,566 INFO] lecarb.estimator.mhist: Constructed 11600 partitions!
[2026-05-15 14:18:59,439 INFO] lecarb.estimator.mhist: Constructed 11700 partitions!
[2026-05-15 14:19:01,249 INFO] lecarb.estimator.mhist: Constructed 11800 partitions!
[2026-05-15 14:19:02,904 INFO] lecarb.estimator.mhist: Constructed 11900 partitions!
[2026-05-15 14:19:04,576 INFO] lecarb.estimator.mhist: Constructed 12000 partitions!
[2026-05-15 14:19:07,065 INFO] lecarb.estimator.mhist: Constructed 12100 partitions!
[2026-05-15 14:19:08,703 INFO] lecarb.estimator.mhist: Constructed 12200 partitions!
[2026-05-15 14:19:10,383 INFO] lecarb.estimator.mhist: Constructed 12300 partitions!
[2026-05-15 14:19:12,039 INFO] lecarb.estimator.mhist: Constructed 12400 partitions!
[2026-05-15 14:19:13,739 INFO] lecarb.estimator.mhist: Constructed 12500 partitions!
[2026-05-15 14:19:15,453 INFO] lecarb.estimator.mhist: Constructed 12600 partitions!
[2026-05-15 14:19:17,240 INFO] lecarb.estimator.mhist: Constructed 12700 partitions!
[2026-05-15 14:19:19,167 INFO] lecarb.estimator.mhist: Constructed 12800 partitions!
[2026-05-15 14:19:21,014 INFO] lecarb.estimator.mhist: Constructed 12900 partitions!
[2026-05-15 14:19:22,952 INFO] lecarb.estimator.mhist: Constructed 13000 partitions!
[2026-05-15 14:19:24,836 INFO] lecarb.estimator.mhist: Constructed 13100 partitions!
[2026-05-15 14:19:26,704 INFO] lecarb.estimator.mhist: Constructed 13200 partitions!
[2026-05-15 14:19:28,606 INFO] lecarb.estimator.mhist: Constructed 13300 partitions!
[2026-05-15 14:19:30,426 INFO] lecarb.estimator.mhist: Constructed 13400 partitions!
[2026-05-15 14:19:32,291 INFO] lecarb.estimator.mhist: Constructed 13500 partitions!
[2026-05-15 14:19:34,230 INFO] lecarb.estimator.mhist: Constructed 13600 partitions!
[2026-05-15 14:19:36,165 INFO] lecarb.estimator.mhist: Constructed 13700 partitions!
[2026-05-15 14:19:38,968 INFO] lecarb.estimator.mhist: Constructed 13800 partitions!
[2026-05-15 14:19:40,889 INFO] lecarb.estimator.mhist: Constructed 13900 partitions!
[2026-05-15 14:19:42,873 INFO] lecarb.estimator.mhist: Constructed 14000 partitions!
[2026-05-15 14:19:44,834 INFO] lecarb.estimator.mhist: Constructed 14100 partitions!
[2026-05-15 14:19:46,734 INFO] lecarb.estimator.mhist: Constructed 14200 partitions!
[2026-05-15 14:19:48,804 INFO] lecarb.estimator.mhist: Constructed 14300 partitions!
[2026-05-15 14:19:50,841 INFO] lecarb.estimator.mhist: Constructed 14400 partitions!
[2026-05-15 14:19:52,822 INFO] lecarb.estimator.mhist: Constructed 14500 partitions!
[2026-05-15 14:19:54,864 INFO] lecarb.estimator.mhist: Constructed 14600 partitions!
[2026-05-15 14:19:56,871 INFO] lecarb.estimator.mhist: Constructed 14700 partitions!
[2026-05-15 14:19:58,807 INFO] lecarb.estimator.mhist: Constructed 14800 partitions!
[2026-05-15 14:20:00,707 INFO] lecarb.estimator.mhist: Constructed 14900 partitions!
[2026-05-15 14:20:03,028 INFO] lecarb.estimator.mhist: Constructed 15000 partitions!
[2026-05-15 14:20:05,555 INFO] lecarb.estimator.mhist: Constructed 15100 partitions!
[2026-05-15 14:20:07,937 INFO] lecarb.estimator.mhist: Constructed 15200 partitions!
[2026-05-15 14:20:09,961 INFO] lecarb.estimator.mhist: Constructed 15300 partitions!
[2026-05-15 14:20:12,020 INFO] lecarb.estimator.mhist: Constructed 15400 partitions!
[2026-05-15 14:20:14,024 INFO] lecarb.estimator.mhist: Constructed 15500 partitions!
[2026-05-15 14:20:15,946 INFO] lecarb.estimator.mhist: Constructed 15600 partitions!
[2026-05-15 14:20:17,876 INFO] lecarb.estimator.mhist: Constructed 15700 partitions!
[2026-05-15 14:20:20,733 INFO] lecarb.estimator.mhist: Constructed 15800 partitions!
[2026-05-15 14:20:22,607 INFO] lecarb.estimator.mhist: Constructed 15900 partitions!
[2026-05-15 14:20:24,494 INFO] lecarb.estimator.mhist: Constructed 16000 partitions!
[2026-05-15 14:20:26,328 INFO] lecarb.estimator.mhist: Constructed 16100 partitions!
[2026-05-15 14:20:28,354 INFO] lecarb.estimator.mhist: Constructed 16200 partitions!
[2026-05-15 14:20:30,371 INFO] lecarb.estimator.mhist: Constructed 16300 partitions!
[2026-05-15 14:20:32,290 INFO] lecarb.estimator.mhist: Constructed 16400 partitions!
[2026-05-15 14:20:34,419 INFO] lecarb.estimator.mhist: Constructed 16500 partitions!
[2026-05-15 14:20:36,512 INFO] lecarb.estimator.mhist: Constructed 16600 partitions!
[2026-05-15 14:20:38,477 INFO] lecarb.estimator.mhist: Constructed 16700 partitions!
[2026-05-15 14:20:40,619 INFO] lecarb.estimator.mhist: Constructed 16800 partitions!
[2026-05-15 14:20:42,595 INFO] lecarb.estimator.mhist: Constructed 16900 partitions!
[2026-05-15 14:20:44,578 INFO] lecarb.estimator.mhist: Constructed 17000 partitions!
[2026-05-15 14:20:46,613 INFO] lecarb.estimator.mhist: Constructed 17100 partitions!
[2026-05-15 14:20:48,619 INFO] lecarb.estimator.mhist: Constructed 17200 partitions!
[2026-05-15 14:20:50,677 INFO] lecarb.estimator.mhist: Constructed 17300 partitions!
[2026-05-15 14:20:52,673 INFO] lecarb.estimator.mhist: Constructed 17400 partitions!
[2026-05-15 14:20:54,798 INFO] lecarb.estimator.mhist: Constructed 17500 partitions!
[2026-05-15 14:20:56,892 INFO] lecarb.estimator.mhist: Constructed 17600 partitions!
[2026-05-15 14:20:58,936 INFO] lecarb.estimator.mhist: Constructed 17700 partitions!
[2026-05-15 14:21:01,067 INFO] lecarb.estimator.mhist: Constructed 17800 partitions!
[2026-05-15 14:21:03,241 INFO] lecarb.estimator.mhist: Constructed 17900 partitions!
[2026-05-15 14:21:05,303 INFO] lecarb.estimator.mhist: Constructed 18000 partitions!
[2026-05-15 14:21:08,906 INFO] lecarb.estimator.mhist: Constructed 18100 partitions!
[2026-05-15 14:21:11,019 INFO] lecarb.estimator.mhist: Constructed 18200 partitions!
[2026-05-15 14:21:13,239 INFO] lecarb.estimator.mhist: Constructed 18300 partitions!
[2026-05-15 14:21:15,473 INFO] lecarb.estimator.mhist: Constructed 18400 partitions!
[2026-05-15 14:21:17,551 INFO] lecarb.estimator.mhist: Constructed 18500 partitions!
[2026-05-15 14:21:19,690 INFO] lecarb.estimator.mhist: Constructed 18600 partitions!
[2026-05-15 14:21:21,884 INFO] lecarb.estimator.mhist: Constructed 18700 partitions!
[2026-05-15 14:21:24,086 INFO] lecarb.estimator.mhist: Constructed 18800 partitions!
[2026-05-15 14:21:26,194 INFO] lecarb.estimator.mhist: Constructed 18900 partitions!
[2026-05-15 14:21:28,190 INFO] lecarb.estimator.mhist: Constructed 19000 partitions!
[2026-05-15 14:21:30,193 INFO] lecarb.estimator.mhist: Constructed 19100 partitions!
[2026-05-15 14:21:32,215 INFO] lecarb.estimator.mhist: Constructed 19200 partitions!
[2026-05-15 14:21:34,349 INFO] lecarb.estimator.mhist: Constructed 19300 partitions!
[2026-05-15 14:21:36,381 INFO] lecarb.estimator.mhist: Constructed 19400 partitions!
[2026-05-15 14:21:38,378 INFO] lecarb.estimator.mhist: Constructed 19500 partitions!
[2026-05-15 14:21:40,475 INFO] lecarb.estimator.mhist: Constructed 19600 partitions!
[2026-05-15 14:21:42,675 INFO] lecarb.estimator.mhist: Constructed 19700 partitions!
[2026-05-15 14:21:44,631 INFO] lecarb.estimator.mhist: Constructed 19800 partitions!
[2026-05-15 14:21:46,856 INFO] lecarb.estimator.mhist: Constructed 19900 partitions!
[2026-05-15 14:21:48,970 INFO] lecarb.estimator.mhist: Constructed 20000 partitions!
[2026-05-15 14:21:51,221 INFO] lecarb.estimator.mhist: Constructed 20100 partitions!
[2026-05-15 14:21:53,413 INFO] lecarb.estimator.mhist: Constructed 20200 partitions!
[2026-05-15 14:21:55,762 INFO] lecarb.estimator.mhist: Constructed 20300 partitions!
[2026-05-15 14:21:57,869 INFO] lecarb.estimator.mhist: Constructed 20400 partitions!
[2026-05-15 14:22:00,007 INFO] lecarb.estimator.mhist: Constructed 20500 partitions!
[2026-05-15 14:22:02,181 INFO] lecarb.estimator.mhist: Constructed 20600 partitions!
[2026-05-15 14:22:05,688 INFO] lecarb.estimator.mhist: Constructed 20700 partitions!
[2026-05-15 14:22:07,770 INFO] lecarb.estimator.mhist: Constructed 20800 partitions!
[2026-05-15 14:22:09,876 INFO] lecarb.estimator.mhist: Constructed 20900 partitions!
[2026-05-15 14:22:12,074 INFO] lecarb.estimator.mhist: Constructed 21000 partitions!
[2026-05-15 14:22:14,322 INFO] lecarb.estimator.mhist: Constructed 21100 partitions!
[2026-05-15 14:22:16,961 INFO] lecarb.estimator.mhist: Constructed 21200 partitions!
[2026-05-15 14:22:19,450 INFO] lecarb.estimator.mhist: Constructed 21300 partitions!
[2026-05-15 14:22:21,770 INFO] lecarb.estimator.mhist: Constructed 21400 partitions!
[2026-05-15 14:22:24,281 INFO] lecarb.estimator.mhist: Constructed 21500 partitions!
[2026-05-15 14:22:26,566 INFO] lecarb.estimator.mhist: Constructed 21600 partitions!
[2026-05-15 14:22:28,745 INFO] lecarb.estimator.mhist: Constructed 21700 partitions!
[2026-05-15 14:22:31,081 INFO] lecarb.estimator.mhist: Constructed 21800 partitions!
[2026-05-15 14:22:33,406 INFO] lecarb.estimator.mhist: Constructed 21900 partitions!
[2026-05-15 14:22:35,825 INFO] lecarb.estimator.mhist: Constructed 22000 partitions!
[2026-05-15 14:22:38,313 INFO] lecarb.estimator.mhist: Constructed 22100 partitions!
[2026-05-15 14:22:40,815 INFO] lecarb.estimator.mhist: Constructed 22200 partitions!
[2026-05-15 14:22:43,253 INFO] lecarb.estimator.mhist: Constructed 22300 partitions!
[2026-05-15 14:22:45,714 INFO] lecarb.estimator.mhist: Constructed 22400 partitions!
[2026-05-15 14:22:48,179 INFO] lecarb.estimator.mhist: Constructed 22500 partitions!
[2026-05-15 14:22:50,381 INFO] lecarb.estimator.mhist: Constructed 22600 partitions!
[2026-05-15 14:22:52,617 INFO] lecarb.estimator.mhist: Constructed 22700 partitions!
[2026-05-15 14:22:54,907 INFO] lecarb.estimator.mhist: Constructed 22800 partitions!
[2026-05-15 14:22:57,203 INFO] lecarb.estimator.mhist: Constructed 22900 partitions!
[2026-05-15 14:22:59,405 INFO] lecarb.estimator.mhist: Constructed 23000 partitions!
[2026-05-15 14:23:01,964 INFO] lecarb.estimator.mhist: Constructed 23100 partitions!
[2026-05-15 14:23:04,171 INFO] lecarb.estimator.mhist: Constructed 23200 partitions!
[2026-05-15 14:23:06,319 INFO] lecarb.estimator.mhist: Constructed 23300 partitions!
[2026-05-15 14:23:08,849 INFO] lecarb.estimator.mhist: Constructed 23400 partitions!
[2026-05-15 14:23:11,327 INFO] lecarb.estimator.mhist: Constructed 23500 partitions!
[2026-05-15 14:23:13,774 INFO] lecarb.estimator.mhist: Constructed 23600 partitions!
[2026-05-15 14:23:17,809 INFO] lecarb.estimator.mhist: Constructed 23700 partitions!
[2026-05-15 14:23:20,384 INFO] lecarb.estimator.mhist: Constructed 23800 partitions!
[2026-05-15 14:23:22,968 INFO] lecarb.estimator.mhist: Constructed 23900 partitions!
[2026-05-15 14:23:25,459 INFO] lecarb.estimator.mhist: Constructed 24000 partitions!
[2026-05-15 14:23:27,935 INFO] lecarb.estimator.mhist: Constructed 24100 partitions!
[2026-05-15 14:23:30,229 INFO] lecarb.estimator.mhist: Constructed 24200 partitions!
[2026-05-15 14:23:32,677 INFO] lecarb.estimator.mhist: Constructed 24300 partitions!
[2026-05-15 14:23:35,139 INFO] lecarb.estimator.mhist: Constructed 24400 partitions!
[2026-05-15 14:23:37,421 INFO] lecarb.estimator.mhist: Constructed 24500 partitions!
[2026-05-15 14:23:39,856 INFO] lecarb.estimator.mhist: Constructed 24600 partitions!
[2026-05-15 14:23:42,383 INFO] lecarb.estimator.mhist: Constructed 24700 partitions!
[2026-05-15 14:23:45,043 INFO] lecarb.estimator.mhist: Constructed 24800 partitions!
[2026-05-15 14:23:47,389 INFO] lecarb.estimator.mhist: Constructed 24900 partitions!
[2026-05-15 14:23:49,800 INFO] lecarb.estimator.mhist: Constructed 25000 partitions!
[2026-05-15 14:23:52,370 INFO] lecarb.estimator.mhist: Constructed 25100 partitions!
[2026-05-15 14:23:54,875 INFO] lecarb.estimator.mhist: Constructed 25200 partitions!
[2026-05-15 14:23:57,349 INFO] lecarb.estimator.mhist: Constructed 25300 partitions!
[2026-05-15 14:23:59,869 INFO] lecarb.estimator.mhist: Constructed 25400 partitions!
[2026-05-15 14:24:02,395 INFO] lecarb.estimator.mhist: Constructed 25500 partitions!
[2026-05-15 14:24:04,826 INFO] lecarb.estimator.mhist: Constructed 25600 partitions!
[2026-05-15 14:24:07,270 INFO] lecarb.estimator.mhist: Constructed 25700 partitions!
[2026-05-15 14:24:09,829 INFO] lecarb.estimator.mhist: Constructed 25800 partitions!
[2026-05-15 14:24:12,246 INFO] lecarb.estimator.mhist: Constructed 25900 partitions!
[2026-05-15 14:24:14,906 INFO] lecarb.estimator.mhist: Constructed 26000 partitions!
[2026-05-15 14:24:17,468 INFO] lecarb.estimator.mhist: Constructed 26100 partitions!
[2026-05-15 14:24:20,095 INFO] lecarb.estimator.mhist: Constructed 26200 partitions!
[2026-05-15 14:24:22,722 INFO] lecarb.estimator.mhist: Constructed 26300 partitions!
[2026-05-15 14:24:25,121 INFO] lecarb.estimator.mhist: Constructed 26400 partitions!
[2026-05-15 14:24:27,607 INFO] lecarb.estimator.mhist: Constructed 26500 partitions!
[2026-05-15 14:24:30,123 INFO] lecarb.estimator.mhist: Constructed 26600 partitions!
[2026-05-15 14:24:32,857 INFO] lecarb.estimator.mhist: Constructed 26700 partitions!
[2026-05-15 14:24:35,565 INFO] lecarb.estimator.mhist: Constructed 26800 partitions!
[2026-05-15 14:24:39,962 INFO] lecarb.estimator.mhist: Constructed 26900 partitions!
[2026-05-15 14:24:42,907 INFO] lecarb.estimator.mhist: Constructed 27000 partitions!
[2026-05-15 14:24:45,752 INFO] lecarb.estimator.mhist: Constructed 27100 partitions!
[2026-05-15 14:24:48,388 INFO] lecarb.estimator.mhist: Constructed 27200 partitions!
[2026-05-15 14:24:50,985 INFO] lecarb.estimator.mhist: Constructed 27300 partitions!
[2026-05-15 14:24:53,680 INFO] lecarb.estimator.mhist: Constructed 27400 partitions!
[2026-05-15 14:24:56,282 INFO] lecarb.estimator.mhist: Constructed 27500 partitions!
[2026-05-15 14:24:59,079 INFO] lecarb.estimator.mhist: Constructed 27600 partitions!
[2026-05-15 14:25:01,789 INFO] lecarb.estimator.mhist: Constructed 27700 partitions!
[2026-05-15 14:25:04,468 INFO] lecarb.estimator.mhist: Constructed 27800 partitions!
[2026-05-15 14:25:06,972 INFO] lecarb.estimator.mhist: Constructed 27900 partitions!
[2026-05-15 14:25:09,483 INFO] lecarb.estimator.mhist: Constructed 28000 partitions!
[2026-05-15 14:25:12,332 INFO] lecarb.estimator.mhist: Constructed 28100 partitions!
[2026-05-15 14:25:14,844 INFO] lecarb.estimator.mhist: Constructed 28200 partitions!
[2026-05-15 14:25:17,804 INFO] lecarb.estimator.mhist: Constructed 28300 partitions!
[2026-05-15 14:25:20,593 INFO] lecarb.estimator.mhist: Constructed 28400 partitions!
[2026-05-15 14:25:23,352 INFO] lecarb.estimator.mhist: Constructed 28500 partitions!
[2026-05-15 14:25:26,099 INFO] lecarb.estimator.mhist: Constructed 28600 partitions!
[2026-05-15 14:25:28,666 INFO] lecarb.estimator.mhist: Constructed 28700 partitions!
[2026-05-15 14:25:31,654 INFO] lecarb.estimator.mhist: Constructed 28800 partitions!
[2026-05-15 14:25:34,247 INFO] lecarb.estimator.mhist: Constructed 28900 partitions!
[2026-05-15 14:25:36,958 INFO] lecarb.estimator.mhist: Constructed 29000 partitions!
[2026-05-15 14:25:39,669 INFO] lecarb.estimator.mhist: Constructed 29100 partitions!
[2026-05-15 14:25:42,227 INFO] lecarb.estimator.mhist: Constructed 29200 partitions!
[2026-05-15 14:25:44,957 INFO] lecarb.estimator.mhist: Constructed 29300 partitions!
[2026-05-15 14:25:47,728 INFO] lecarb.estimator.mhist: Constructed 29400 partitions!
[2026-05-15 14:25:50,573 INFO] lecarb.estimator.mhist: Constructed 29500 partitions!
[2026-05-15 14:25:53,837 INFO] lecarb.estimator.mhist: Constructed 29600 partitions!
[2026-05-15 14:25:56,644 INFO] lecarb.estimator.mhist: Constructed 29700 partitions!
[2026-05-15 14:25:59,464 INFO] lecarb.estimator.mhist: Constructed 29800 partitions!
[2026-05-15 14:26:02,408 INFO] lecarb.estimator.mhist: Constructed 29900 partitions!
[2026-05-15 14:26:12,106 INFO] lecarb.estimator.mhist: Construct MaxDiff Hist (MHIST-2) finished, use 30000 partitions (4.95MB)! Time spent since start: 10.41 mins
[2026-05-15 14:26:13,722 INFO] lecarb.estimator.mhist: MHist saved to output/model/census13/original-mhist_bin30000.pkl
[2026-05-15 14:26:14,591 INFO] lecarb.estimator.mhist: Built MHist estimator: mhist-bins=30000
[2026-05-15 14:26:14,591 INFO] lecarb.estimator.utils: torch threads: 16
[2026-05-15 14:26:14,591 INFO] lecarb.estimator.utils: Start loading queryset:base and labels for version original of dataset census13...
[2026-05-15 14:26:15,916 INFO] lecarb.estimator.utils: Start test estimator on test queries...
[2026-05-15 14:27:18,989 INFO] lecarb.estimator.utils: 1000 queries finished
[2026-05-15 14:28:25,665 INFO] lecarb.estimator.utils: 2000 queries finished
[2026-05-15 14:29:31,611 INFO] lecarb.estimator.utils: 3000 queries finished
[2026-05-15 14:30:35,841 INFO] lecarb.estimator.utils: 4000 queries finished
[2026-05-15 14:31:43,731 INFO] lecarb.estimator.utils: 5000 queries finished
[2026-05-15 14:32:51,987 INFO] lecarb.estimator.utils: 6000 queries finished
[2026-05-15 14:33:57,360 INFO] lecarb.estimator.utils: 7000 queries finished
[2026-05-15 14:35:04,088 INFO] lecarb.estimator.utils: 8000 queries finished
[2026-05-15 14:36:09,681 INFO] lecarb.estimator.utils: 9000 queries finished
[2026-05-15 14:37:16,632 INFO] lecarb.estimator.utils: 10000 queries finished
[2026-05-15 14:37:16,632 INFO] lecarb.estimator.utils: Test finished, 64.80183172225952 ms/query in average
[2026-05-15 14:37:16,637 INFO] lecarb.estimator.utils: {'max': 19.925373134328357, '99th': 2.5, '95th': 1.5, '90th': 1.2654781876456496, 'median': 1.002868282382547, 'mean': 1.1148516835238578, 'gmean': 1.0883829109780094}
