uv run python -m lecarb train -s123 -dcensus13 -voriginal -wbase -emscn --params "{'epochs': 100, 'bs': 256, 'num_samples': 500, 'hid_units': 8, 'train_num': 100000}" --sizelimit 0
Uninstalled 1 package in 0.68ms
Installed 1 package in 4ms
/home/student.unimelb.edu.au/yli16636/Desktop/AreCELearnedYet/.venv/lib/python3.8/site-packages/dask/dataframe/utils.py:15: FutureWarning: pandas.util.testing is deprecated. Use the functions in the public API at pandas.testing instead.
  import pandas.util.testing as tm
[2026-05-16 09:46:14,633 INFO] lecarb.estimator.mscn.mscn: torch threads: 16
[2026-05-16 09:46:14,634 INFO] lecarb.estimator.mscn.mscn: params: {'epochs': 100, 'bs': 256, 'num_samples': 500, 'hid_units': 8, 'train_num': 100000}
[2026-05-16 09:46:14,634 INFO] lecarb.dataset.dataset: table exists, load...
[2026-05-16 09:46:14,636 INFO] lecarb.dataset.dataset: load finished: Table census13_original (48842 rows, 4.84MB, columns:
Column(age, type=int64, vocab size=74, min=17, max=90, has NaN=False)
Column(workclass, type=category, vocab size=9, min=?, max=Without-pay, has NaN=False)
Column(education, type=category, vocab size=16, min=10th, max=Some-college, has NaN=False)
Column(education_num, type=int64, vocab size=16, min=1, max=16, has NaN=False)
Column(marital_status, type=category, vocab size=7, min=Divorced, max=Widowed, has NaN=False)
Column(occupation, type=category, vocab size=15, min=?, max=Transport-moving, has NaN=False)
Column(relationship, type=category, vocab size=6, min=Husband, max=Wife, has NaN=False)
Column(race, type=category, vocab size=5, min=Amer-Indian-Eskimo, max=White, has NaN=False)
Column(sex, type=category, vocab size=2, min=Female, max=Male, has NaN=False)
Column(capital_gain, type=int64, vocab size=123, min=0, max=99999, has NaN=False)
Column(capital_loss, type=int64, vocab size=99, min=0, max=4356, has NaN=False)
Column(hours_per_week, type=int64, vocab size=96, min=1, max=99, has NaN=False)
Column(native_country, type=category, vocab size=42, min=?, max=Yugoslavia, has NaN=False))
[2026-05-16 09:46:14,637 INFO] lecarb.estimator.mscn.mscn: Start loading queryset:base and labels for version original of dataset census13...
[2026-05-16 09:46:16,083 INFO] lecarb.estimator.mscn.mscn: Use 100000 queries for train and 10000 queries for validation
[2026-05-16 09:46:16,084 INFO] lecarb.estimator.utils: Number of model parameters: 4441 (~= 0.02MB)
[2026-05-16 09:46:16,084 INFO] lecarb.estimator.utils: SetConv(
  (sample_mlp1): Linear(in_features=500, out_features=8, bias=True)
  (sample_mlp2): Linear(in_features=8, out_features=8, bias=True)
  (predicate_mlp1): Linear(in_features=17, out_features=8, bias=True)
  (predicate_mlp2): Linear(in_features=8, out_features=8, bias=True)
  (out_mlp1): Linear(in_features=16, out_features=8, bias=True)
  (out_mlp2): Linear(in_features=8, out_features=1, bias=True)
)
[2026-05-16 09:46:16,087 INFO] lecarb.estimator.mscn.mscn: Overall MSCN model size + sample size = 0.07MB
[2026-05-16 09:48:57,157 INFO] lecarb.estimator.mscn.mscn: min log(label): 0.0
[2026-05-16 09:48:57,157 INFO] lecarb.estimator.mscn.mscn: max log(label): 10.796304928224641
[2026-05-16 09:48:57,159 INFO] lecarb.estimator.mscn.mscn: Number of training samples: 100000
[2026-05-16 09:48:57,160 INFO] lecarb.estimator.mscn.mscn: Number of validation samples: 10000
[2026-05-16 09:48:59,667 DEBUG] lecarb.estimator.mscn.mscn: Sample tensor shape: torch.Size([100000, 1, 500]), mask shape: torch.Size([100000, 1, 1])
[2026-05-16 09:49:05,405 DEBUG] lecarb.estimator.mscn.mscn: Predicate tensor shape: torch.Size([100000, 18, 17]), mask shape: torch.Size([100000, 18, 1])
[2026-05-16 09:49:05,646 DEBUG] lecarb.estimator.mscn.mscn: Sample tensor shape: torch.Size([10000, 1, 500]), mask shape: torch.Size([10000, 1, 1])
[2026-05-16 09:49:06,161 DEBUG] lecarb.estimator.mscn.mscn: Predicate tensor shape: torch.Size([10000, 18, 17]), mask shape: torch.Size([10000, 18, 1])
[2026-05-16 09:49:06,162 INFO] lecarb.estimator.mscn.mscn: start train mscn...
[2026-05-16 09:49:13,231 INFO] lecarb.estimator.mscn.mscn: Epoch 1, loss: 20.750230646499283, time since start: 0.1 mins
[2026-05-16 09:49:13,231 INFO] lecarb.estimator.mscn.mscn: Test on valid set...
[2026-05-16 09:49:14,246 INFO] lecarb.estimator.mscn.mscn: Q-Error on validation set:
[2026-05-16 09:49:14,251 INFO] lecarb.estimator.utils: {'max': 52.77777777777778, '99th': 17.23904761904764, '95th': 11.0, '90th': 10.0, 'median': 2.5, 'mean': 4.410889061613391, 'gmean': 2.9871230023732687}
[2026-05-16 09:49:14,252 INFO] lecarb.estimator.mscn.mscn: best valid loss for now: 4.410889061613391(mean)!
[2026-05-16 09:49:20,910 INFO] lecarb.estimator.mscn.mscn: Epoch 2, loss: 3.8106994903301032, time since start: 0.2 mins
[2026-05-16 09:49:20,910 INFO] lecarb.estimator.mscn.mscn: Test on valid set...
[2026-05-16 09:49:21,116 INFO] lecarb.estimator.mscn.mscn: Q-Error on validation set:
[2026-05-16 09:49:21,121 INFO] lecarb.estimator.utils: {'max': 79.16666666666667, '99th': 22.66833333333337, '95th': 9.0, '90th': 7.0, 'median': 1.8571428571428572, 'mean': 3.6261403935408105, 'gmean': 2.47560219307293}
[2026-05-16 09:49:21,122 INFO] lecarb.estimator.mscn.mscn: best valid loss for now: 3.6261403935408105(mean)!
[2026-05-16 09:49:27,920 INFO] lecarb.estimator.mscn.mscn: Epoch 3, loss: 3.596940585109584, time since start: 0.4 mins
[2026-05-16 09:49:27,920 INFO] lecarb.estimator.mscn.mscn: Test on valid set...
[2026-05-16 09:49:28,151 INFO] lecarb.estimator.mscn.mscn: Q-Error on validation set:
[2026-05-16 09:49:28,156 INFO] lecarb.estimator.utils: {'max': 79.16666666666667, '99th': 24.501666666666704, '95th': 9.0, '90th': 6.0, 'median': 1.813911944154345, 'mean': 3.557413046894174, 'gmean': 2.384564146924782}
[2026-05-16 09:49:28,156 INFO] lecarb.estimator.mscn.mscn: best valid loss for now: 3.557413046894174(mean)!
[2026-05-16 09:49:35,651 INFO] lecarb.estimator.mscn.mscn: Epoch 4, loss: 3.5467148845457968, time since start: 0.5 mins
[2026-05-16 09:49:35,652 INFO] lecarb.estimator.mscn.mscn: Test on valid set...
[2026-05-16 09:49:35,890 INFO] lecarb.estimator.mscn.mscn: Q-Error on validation set:
[2026-05-16 09:49:35,895 INFO] lecarb.estimator.utils: {'max': 79.16666666666667, '99th': 24.66833333333337, '95th': 9.042328042327965, '90th': 6.0, 'median': 1.746997521997522, 'mean': 3.5246495175451855, 'gmean': 2.3522835855460302}
[2026-05-16 09:49:35,895 INFO] lecarb.estimator.mscn.mscn: best valid loss for now: 3.5246495175451855(mean)!
[2026-05-16 09:49:43,744 INFO] lecarb.estimator.mscn.mscn: Epoch 5, loss: 3.509495275404752, time since start: 0.6 mins
[2026-05-16 09:49:43,745 INFO] lecarb.estimator.mscn.mscn: Test on valid set...
[2026-05-16 09:49:43,984 INFO] lecarb.estimator.mscn.mscn: Q-Error on validation set:
[2026-05-16 09:49:43,989 INFO] lecarb.estimator.utils: {'max': 89.0, '99th': 25.167500000000018, '95th': 9.166666666666666, '90th': 6.0, 'median': 1.6666666666666667, 'mean': 3.4925287828838627, 'gmean': 2.313694959201605}
[2026-05-16 09:49:43,990 INFO] lecarb.estimator.mscn.mscn: best valid loss for now: 3.4925287828838627(mean)!
[2026-05-16 09:49:51,737 INFO] lecarb.estimator.mscn.mscn: Epoch 6, loss: 3.484344002535886, time since start: 0.8 mins
[2026-05-16 09:49:51,737 INFO] lecarb.estimator.mscn.mscn: Test on valid set...
[2026-05-16 09:49:51,971 INFO] lecarb.estimator.mscn.mscn: Q-Error on validation set:
[2026-05-16 09:49:51,976 INFO] lecarb.estimator.utils: {'max': 88.5, '99th': 25.16833333333337, '95th': 9.285714285714286, '90th': 6.0, 'median': 1.6649395509499136, 'mean': 3.47746758510334, 'gmean': 2.2981922187498713}
[2026-05-16 09:49:51,976 INFO] lecarb.estimator.mscn.mscn: best valid loss for now: 3.47746758510334(mean)!
[2026-05-16 09:50:00,472 INFO] lecarb.estimator.mscn.mscn: Epoch 7, loss: 3.465406320893856, time since start: 0.9 mins
[2026-05-16 09:50:00,473 INFO] lecarb.estimator.mscn.mscn: Test on valid set...
[2026-05-16 09:50:00,675 INFO] lecarb.estimator.mscn.mscn: Q-Error on validation set:
[2026-05-16 09:50:00,681 INFO] lecarb.estimator.utils: {'max': 83.5, '99th': 25.166666666666668, '95th': 9.168333333333308, '90th': 6.0, 'median': 1.6550862068965517, 'mean': 3.4789071549564548, 'gmean': 2.318985187777693}
[2026-05-16 09:50:08,535 INFO] lecarb.estimator.mscn.mscn: Epoch 8, loss: 3.451586505031342, time since start: 1.0 mins
[2026-05-16 09:50:08,535 INFO] lecarb.estimator.mscn.mscn: Test on valid set...
[2026-05-16 09:50:08,783 INFO] lecarb.estimator.mscn.mscn: Q-Error on validation set:
[2026-05-16 09:50:08,792 INFO] lecarb.estimator.utils: {'max': 81.5, '99th': 24.833571428571435, '95th': 9.285714285714286, '90th': 6.0, 'median': 1.6482679862961553, 'mean': 3.4563032633772077, 'gmean': 2.29017631285383}
[2026-05-16 09:50:08,793 INFO] lecarb.estimator.mscn.mscn: best valid loss for now: 3.4563032633772077(mean)!
[2026-05-16 09:50:16,475 INFO] lecarb.estimator.mscn.mscn: Epoch 9, loss: 3.4407874129312424, time since start: 1.2 mins
[2026-05-16 09:50:16,476 INFO] lecarb.estimator.mscn.mscn: Test on valid set...
[2026-05-16 09:50:16,727 INFO] lecarb.estimator.mscn.mscn: Q-Error on validation set:
[2026-05-16 09:50:16,733 INFO] lecarb.estimator.utils: {'max': 79.0, '99th': 24.833571428571435, '95th': 9.285714285714286, '90th': 6.0, 'median': 1.6542258628725237, 'mean': 3.448200853064247, 'gmean': 2.2881680759368717}
[2026-05-16 09:50:16,733 INFO] lecarb.estimator.mscn.mscn: best valid loss for now: 3.448200853064247(mean)!
[2026-05-16 09:50:24,231 INFO] lecarb.estimator.mscn.mscn: Epoch 10, loss: 3.432153559096939, time since start: 1.3 mins
[2026-05-16 09:50:24,231 INFO] lecarb.estimator.mscn.mscn: Test on valid set...
[2026-05-16 09:50:24,410 INFO] lecarb.estimator.mscn.mscn: Q-Error on validation set:
[2026-05-16 09:50:24,415 INFO] lecarb.estimator.utils: {'max': 81.0, '99th': 24.857142857142858, '95th': 9.288095238095204, '90th': 6.0, 'median': 1.6562398175301403, 'mean': 3.435681309297336, 'gmean': 2.2818113250011525}
[2026-05-16 09:50:24,415 INFO] lecarb.estimator.mscn.mscn: best valid loss for now: 3.435681309297336(mean)!
[2026-05-16 09:50:31,355 INFO] lecarb.estimator.mscn.mscn: Epoch 11, loss: 3.425608984954522, time since start: 1.4 mins
[2026-05-16 09:50:31,355 INFO] lecarb.estimator.mscn.mscn: Test on valid set...
[2026-05-16 09:50:31,506 INFO] lecarb.estimator.mscn.mscn: Q-Error on validation set:
[2026-05-16 09:50:31,511 INFO] lecarb.estimator.utils: {'max': 83.0, '99th': 24.0, '95th': 9.19387096774193, '90th': 6.0, 'median': 1.6621916428931027, 'mean': 3.431838679604845, 'gmean': 2.284951302508701}
[2026-05-16 09:50:31,512 INFO] lecarb.estimator.mscn.mscn: best valid loss for now: 3.431838679604845(mean)!
[2026-05-16 09:50:39,245 INFO] lecarb.estimator.mscn.mscn: Epoch 12, loss: 3.4194615503101398, time since start: 1.6 mins
[2026-05-16 09:50:39,245 INFO] lecarb.estimator.mscn.mscn: Test on valid set...
[2026-05-16 09:50:39,462 INFO] lecarb.estimator.mscn.mscn: Q-Error on validation set:
[2026-05-16 09:50:39,467 INFO] lecarb.estimator.utils: {'max': 85.0, '99th': 24.85857142857146, '95th': 9.323118279569885, '90th': 6.0, 'median': 1.6666666666666667, 'mean': 3.4260360746037324, 'gmean': 2.2765206340153883}
[2026-05-16 09:50:39,467 INFO] lecarb.estimator.mscn.mscn: best valid loss for now: 3.4260360746037324(mean)!
[2026-05-16 09:50:46,432 INFO] lecarb.estimator.mscn.mscn: Epoch 13, loss: 3.4148690218815716, time since start: 1.7 mins
[2026-05-16 09:50:46,432 INFO] lecarb.estimator.mscn.mscn: Test on valid set...
[2026-05-16 09:50:46,613 INFO] lecarb.estimator.mscn.mscn: Q-Error on validation set:
[2026-05-16 09:50:46,618 INFO] lecarb.estimator.utils: {'max': 84.0, '99th': 24.66857142857147, '95th': 9.296994535519097, '90th': 6.0, 'median': 1.6666666666666667, 'mean': 3.4227740626524015, 'gmean': 2.279109881580906}
[2026-05-16 09:50:46,618 INFO] lecarb.estimator.mscn.mscn: best valid loss for now: 3.4227740626524015(mean)!
[2026-05-16 09:50:53,829 INFO] lecarb.estimator.mscn.mscn: Epoch 14, loss: 3.411290185225894, time since start: 1.8 mins
[2026-05-16 09:50:53,829 INFO] lecarb.estimator.mscn.mscn: Test on valid set...
[2026-05-16 09:50:54,010 INFO] lecarb.estimator.mscn.mscn: Q-Error on validation set:
[2026-05-16 09:50:54,015 INFO] lecarb.estimator.utils: {'max': 85.0, '99th': 24.006666666666813, '95th': 9.286182669789222, '90th': 6.0, 'median': 1.6666666666666667, 'mean': 3.43245670164108, 'gmean': 2.302883973551306}
[2026-05-16 09:51:01,061 INFO] lecarb.estimator.mscn.mscn: Epoch 15, loss: 3.4070155303496534, time since start: 1.9 mins
[2026-05-16 09:51:01,061 INFO] lecarb.estimator.mscn.mscn: Test on valid set...
[2026-05-16 09:51:01,243 INFO] lecarb.estimator.mscn.mscn: Q-Error on validation set:
[2026-05-16 09:51:01,248 INFO] lecarb.estimator.utils: {'max': 86.0, '99th': 24.0, '95th': 9.333333333333334, '90th': 6.0, 'median': 1.6666666666666667, 'mean': 3.4166183978218747, 'gmean': 2.2779538106941253}
[2026-05-16 09:51:01,248 INFO] lecarb.estimator.mscn.mscn: best valid loss for now: 3.4166183978218747(mean)!
[2026-05-16 09:51:08,402 INFO] lecarb.estimator.mscn.mscn: Epoch 16, loss: 3.4020885006546058, time since start: 2.0 mins
[2026-05-16 09:51:08,402 INFO] lecarb.estimator.mscn.mscn: Test on valid set...
[2026-05-16 09:51:08,578 INFO] lecarb.estimator.mscn.mscn: Q-Error on validation set:
[2026-05-16 09:51:08,583 INFO] lecarb.estimator.utils: {'max': 88.0, '99th': 24.006666666666813, '95th': 9.333333333333334, '90th': 6.0, 'median': 1.6666666666666667, 'mean': 3.4149893433515883, 'gmean': 2.2775621816085225}
[2026-05-16 09:51:08,583 INFO] lecarb.estimator.mscn.mscn: best valid loss for now: 3.4149893433515883(mean)!
[2026-05-16 09:51:15,940 INFO] lecarb.estimator.mscn.mscn: Epoch 17, loss: 3.3972140346341733, time since start: 2.2 mins
[2026-05-16 09:51:15,940 INFO] lecarb.estimator.mscn.mscn: Test on valid set...
[2026-05-16 09:51:16,133 INFO] lecarb.estimator.mscn.mscn: Q-Error on validation set:
[2026-05-16 09:51:16,139 INFO] lecarb.estimator.utils: {'max': 87.0, '99th': 24.006666666666813, '95th': 9.333333333333334, '90th': 6.0, 'median': 1.6666666666666667, 'mean': 3.410210315727355, 'gmean': 2.273633762208355}
[2026-05-16 09:51:16,139 INFO] lecarb.estimator.mscn.mscn: best valid loss for now: 3.410210315727355(mean)!
[2026-05-16 09:51:24,071 INFO] lecarb.estimator.mscn.mscn: Epoch 18, loss: 3.3915621685554913, time since start: 2.3 mins
[2026-05-16 09:51:24,071 INFO] lecarb.estimator.mscn.mscn: Test on valid set...
[2026-05-16 09:51:24,277 INFO] lecarb.estimator.mscn.mscn: Q-Error on validation set:
[2026-05-16 09:51:24,282 INFO] lecarb.estimator.utils: {'max': 85.0, '99th': 24.006666666666813, '95th': 9.333333333333334, '90th': 6.0, 'median': 1.6666666666666667, 'mean': 3.401825627876341, 'gmean': 2.273046508927345}
[2026-05-16 09:51:24,283 INFO] lecarb.estimator.mscn.mscn: best valid loss for now: 3.401825627876341(mean)!
[2026-05-16 09:51:31,260 INFO] lecarb.estimator.mscn.mscn: Epoch 19, loss: 3.3820604223119632, time since start: 2.4 mins
[2026-05-16 09:51:31,260 INFO] lecarb.estimator.mscn.mscn: Test on valid set...
[2026-05-16 09:51:31,432 INFO] lecarb.estimator.mscn.mscn: Q-Error on validation set:
[2026-05-16 09:51:31,437 INFO] lecarb.estimator.utils: {'max': 85.0, '99th': 24.0, '95th': 9.333333333333334, '90th': 6.0, 'median': 1.6666666666666667, 'mean': 3.3912824479558643, 'gmean': 2.2701355754473704}
[2026-05-16 09:51:31,438 INFO] lecarb.estimator.mscn.mscn: best valid loss for now: 3.3912824479558643(mean)!
[2026-05-16 09:51:38,534 INFO] lecarb.estimator.mscn.mscn: Epoch 20, loss: 3.3708710597299247, time since start: 2.5 mins
[2026-05-16 09:51:38,535 INFO] lecarb.estimator.mscn.mscn: Test on valid set...
[2026-05-16 09:51:38,801 INFO] lecarb.estimator.mscn.mscn: Q-Error on validation set:
[2026-05-16 09:51:38,812 INFO] lecarb.estimator.utils: {'max': 85.0, '99th': 23.44857142857152, '95th': 9.4, '90th': 6.0, 'median': 1.6666666666666667, 'mean': 3.3755014331135107, 'gmean': 2.263358665156688}
[2026-05-16 09:51:38,814 INFO] lecarb.estimator.mscn.mscn: best valid loss for now: 3.3755014331135107(mean)!
[2026-05-16 09:51:45,623 INFO] lecarb.estimator.mscn.mscn: Epoch 21, loss: 3.356602307170858, time since start: 2.7 mins
[2026-05-16 09:51:45,624 INFO] lecarb.estimator.mscn.mscn: Test on valid set...
[2026-05-16 09:51:45,808 INFO] lecarb.estimator.mscn.mscn: Q-Error on validation set:
[2026-05-16 09:51:45,813 INFO] lecarb.estimator.utils: {'max': 85.0, '99th': 22.835000000000036, '95th': 9.336666666666618, '90th': 6.0, 'median': 1.6666666666666667, 'mean': 3.3556354062136173, 'gmean': 2.2541820312087797}
[2026-05-16 09:51:45,813 INFO] lecarb.estimator.mscn.mscn: best valid loss for now: 3.3556354062136173(mean)!
[2026-05-16 09:51:52,866 INFO] lecarb.estimator.mscn.mscn: Epoch 22, loss: 3.340821264345018, time since start: 2.8 mins
[2026-05-16 09:51:52,867 INFO] lecarb.estimator.mscn.mscn: Test on valid set...
[2026-05-16 09:51:53,049 INFO] lecarb.estimator.mscn.mscn: Q-Error on validation set:
[2026-05-16 09:51:53,054 INFO] lecarb.estimator.utils: {'max': 84.0, '99th': 22.666666666666668, '95th': 9.333333333333334, '90th': 6.0, 'median': 1.6666666666666667, 'mean': 3.337024814521601, 'gmean': 2.2500993516232635}
[2026-05-16 09:51:53,054 INFO] lecarb.estimator.mscn.mscn: best valid loss for now: 3.337024814521601(mean)!
[2026-05-16 09:52:00,355 INFO] lecarb.estimator.mscn.mscn: Epoch 23, loss: 3.323135867448109, time since start: 2.9 mins
[2026-05-16 09:52:00,355 INFO] lecarb.estimator.mscn.mscn: Test on valid set...
[2026-05-16 09:52:01,303 INFO] lecarb.estimator.mscn.mscn: Q-Error on validation set:
[2026-05-16 09:52:01,308 INFO] lecarb.estimator.utils: {'max': 85.0, '99th': 22.6, '95th': 9.333333333333334, '90th': 6.0, 'median': 1.6666666666666667, 'mean': 3.321894500601202, 'gmean': 2.244470156062068}
[2026-05-16 09:52:01,308 INFO] lecarb.estimator.mscn.mscn: best valid loss for now: 3.321894500601202(mean)!
[2026-05-16 09:52:08,398 INFO] lecarb.estimator.mscn.mscn: Epoch 24, loss: 3.299835471545949, time since start: 3.0 mins
[2026-05-16 09:52:08,398 INFO] lecarb.estimator.mscn.mscn: Test on valid set...
[2026-05-16 09:52:08,579 INFO] lecarb.estimator.mscn.mscn: Q-Error on validation set:
[2026-05-16 09:52:08,584 INFO] lecarb.estimator.utils: {'max': 87.0, '99th': 22.001666666666704, '95th': 9.273044397462998, '90th': 6.034415584415599, 'median': 1.6666666666666667, 'mean': 3.298821975494328, 'gmean': 2.2317123095938016}
[2026-05-16 09:52:08,585 INFO] lecarb.estimator.mscn.mscn: best valid loss for now: 3.298821975494328(mean)!
[2026-05-16 09:52:15,656 INFO] lecarb.estimator.mscn.mscn: Epoch 25, loss: 3.2796055508391633, time since start: 3.2 mins
[2026-05-16 09:52:15,656 INFO] lecarb.estimator.mscn.mscn: Test on valid set...
[2026-05-16 09:52:15,851 INFO] lecarb.estimator.mscn.mscn: Q-Error on validation set:
[2026-05-16 09:52:15,856 INFO] lecarb.estimator.utils: {'max': 88.0, '99th': 21.572380952380975, '95th': 9.336666666666618, '90th': 6.22500000000001, 'median': 1.6666666666666667, 'mean': 3.275320491591586, 'gmean': 2.218360884115599}
[2026-05-16 09:52:15,856 INFO] lecarb.estimator.mscn.mscn: best valid loss for now: 3.275320491591586(mean)!
[2026-05-16 09:52:23,108 INFO] lecarb.estimator.mscn.mscn: Epoch 26, loss: 3.2638092858102317, time since start: 3.3 mins
[2026-05-16 09:52:23,108 INFO] lecarb.estimator.mscn.mscn: Test on valid set...
[2026-05-16 09:52:23,312 INFO] lecarb.estimator.mscn.mscn: Q-Error on validation set:
[2026-05-16 09:52:23,317 INFO] lecarb.estimator.utils: {'max': 88.0, '99th': 21.286190476190484, '95th': 9.333578431372546, '90th': 6.25, 'median': 1.6666666666666667, 'mean': 3.253702403585839, 'gmean': 2.208665951716341}
[2026-05-16 09:52:23,317 INFO] lecarb.estimator.mscn.mscn: best valid loss for now: 3.253702403585839(mean)!
[2026-05-16 09:52:30,405 INFO] lecarb.estimator.mscn.mscn: Epoch 27, loss: 3.251894967330386, time since start: 3.4 mins
[2026-05-16 09:52:30,405 INFO] lecarb.estimator.mscn.mscn: Test on valid set...
[2026-05-16 09:52:30,590 INFO] lecarb.estimator.mscn.mscn: Q-Error on validation set:
[2026-05-16 09:52:30,595 INFO] lecarb.estimator.utils: {'max': 87.0, '99th': 21.0014285714286, '95th': 9.46346153846151, '90th': 6.333333333333333, 'median': 1.6666666666666667, 'mean': 3.2363425934625387, 'gmean': 2.197974520718838}
[2026-05-16 09:52:30,595 INFO] lecarb.estimator.mscn.mscn: best valid loss for now: 3.2363425934625387(mean)!
[2026-05-16 09:52:37,819 INFO] lecarb.estimator.mscn.mscn: Epoch 28, loss: 3.2410272375092175, time since start: 3.5 mins
[2026-05-16 09:52:37,819 INFO] lecarb.estimator.mscn.mscn: Test on valid set...
[2026-05-16 09:52:38,741 INFO] lecarb.estimator.mscn.mscn: Q-Error on validation set:
[2026-05-16 09:52:38,746 INFO] lecarb.estimator.utils: {'max': 86.0, '99th': 21.286190476190484, '95th': 9.5, '90th': 6.337500000000015, 'median': 1.6666666666666667, 'mean': 3.2325068835947217, 'gmean': 2.199757179858402}
[2026-05-16 09:52:38,747 INFO] lecarb.estimator.mscn.mscn: best valid loss for now: 3.2325068835947217(mean)!
[2026-05-16 09:52:46,011 INFO] lecarb.estimator.mscn.mscn: Epoch 29, loss: 3.2334144530089004, time since start: 3.7 mins
[2026-05-16 09:52:46,011 INFO] lecarb.estimator.mscn.mscn: Test on valid set...
[2026-05-16 09:52:46,192 INFO] lecarb.estimator.mscn.mscn: Q-Error on validation set:
[2026-05-16 09:52:46,197 INFO] lecarb.estimator.utils: {'max': 77.0, '99th': 21.500714285714302, '95th': 9.46346153846151, '90th': 6.375, 'median': 1.6666666666666667, 'mean': 3.21767324772432, 'gmean': 2.190627841280045}
[2026-05-16 09:52:46,197 INFO] lecarb.estimator.mscn.mscn: best valid loss for now: 3.21767324772432(mean)!
[2026-05-16 09:52:53,418 INFO] lecarb.estimator.mscn.mscn: Epoch 30, loss: 3.2255034343056055, time since start: 3.8 mins
[2026-05-16 09:52:53,418 INFO] lecarb.estimator.mscn.mscn: Test on valid set...
[2026-05-16 09:52:53,605 INFO] lecarb.estimator.mscn.mscn: Q-Error on validation set:
[2026-05-16 09:52:53,610 INFO] lecarb.estimator.utils: {'max': 76.0, '99th': 21.500714285714302, '95th': 9.365454545454519, '90th': 6.285714285714286, 'median': 1.6666666666666667, 'mean': 3.209623994889268, 'gmean': 2.1881188814904324}
[2026-05-16 09:52:53,611 INFO] lecarb.estimator.mscn.mscn: best valid loss for now: 3.209623994889268(mean)!
[2026-05-16 09:53:00,418 INFO] lecarb.estimator.mscn.mscn: Epoch 31, loss: 3.2182159228702947, time since start: 3.9 mins
[2026-05-16 09:53:00,418 INFO] lecarb.estimator.mscn.mscn: Test on valid set...
[2026-05-16 09:53:00,592 INFO] lecarb.estimator.mscn.mscn: Q-Error on validation set:
[2026-05-16 09:53:00,597 INFO] lecarb.estimator.utils: {'max': 103.0, '99th': 21.334285714285734, '95th': 9.334848484848463, '90th': 6.25, 'median': 1.6666666666666667, 'mean': 3.2041622542255643, 'gmean': 2.1840026419056717}
[2026-05-16 09:53:00,597 INFO] lecarb.estimator.mscn.mscn: best valid loss for now: 3.2041622542255643(mean)!
[2026-05-16 09:53:07,742 INFO] lecarb.estimator.mscn.mscn: Epoch 32, loss: 3.211973615924416, time since start: 4.0 mins
[2026-05-16 09:53:07,742 INFO] lecarb.estimator.mscn.mscn: Test on valid set...
[2026-05-16 09:53:07,972 INFO] lecarb.estimator.mscn.mscn: Q-Error on validation set:
[2026-05-16 09:53:07,977 INFO] lecarb.estimator.utils: {'max': 103.0, '99th': 21.333333333333332, '95th': 9.305797101449254, '90th': 6.25, 'median': 1.6666666666666667, 'mean': 3.193656305614392, 'gmean': 2.182929851015859}
[2026-05-16 09:53:07,978 INFO] lecarb.estimator.mscn.mscn: best valid loss for now: 3.193656305614392(mean)!
[2026-05-16 09:53:14,847 INFO] lecarb.estimator.mscn.mscn: Epoch 33, loss: 3.2059831357063233, time since start: 4.1 mins
[2026-05-16 09:53:14,847 INFO] lecarb.estimator.mscn.mscn: Test on valid set...
[2026-05-16 09:53:15,027 INFO] lecarb.estimator.mscn.mscn: Q-Error on validation set:
[2026-05-16 09:53:15,032 INFO] lecarb.estimator.utils: {'max': 103.0, '99th': 21.333333333333332, '95th': 9.333333333333334, '90th': 6.25, 'median': 1.6666666666666667, 'mean': 3.1874725668532666, 'gmean': 2.1788338751349805}
[2026-05-16 09:53:15,033 INFO] lecarb.estimator.mscn.mscn: best valid loss for now: 3.1874725668532666(mean)!
[2026-05-16 09:53:23,001 INFO] lecarb.estimator.mscn.mscn: Epoch 34, loss: 3.2001330785434265, time since start: 4.3 mins
[2026-05-16 09:53:23,002 INFO] lecarb.estimator.mscn.mscn: Test on valid set...
[2026-05-16 09:53:23,209 INFO] lecarb.estimator.mscn.mscn: Q-Error on validation set:
[2026-05-16 09:53:23,215 INFO] lecarb.estimator.utils: {'max': 103.0, '99th': 21.285714285714285, '95th': 9.333333333333334, '90th': 6.25, 'median': 1.6666666666666667, 'mean': 3.180391837316369, 'gmean': 2.176126041686292}
[2026-05-16 09:53:23,215 INFO] lecarb.estimator.mscn.mscn: best valid loss for now: 3.180391837316369(mean)!
[2026-05-16 09:53:30,277 INFO] lecarb.estimator.mscn.mscn: Epoch 35, loss: 3.19368840544425, time since start: 4.4 mins
[2026-05-16 09:53:30,277 INFO] lecarb.estimator.mscn.mscn: Test on valid set...
[2026-05-16 09:53:30,478 INFO] lecarb.estimator.mscn.mscn: Q-Error on validation set:
[2026-05-16 09:53:30,483 INFO] lecarb.estimator.utils: {'max': 103.0, '99th': 21.285714285714285, '95th': 9.333333333333334, '90th': 6.25, 'median': 1.6666666666666667, 'mean': 3.174291533113947, 'gmean': 2.172720233325465}
[2026-05-16 09:53:30,484 INFO] lecarb.estimator.mscn.mscn: best valid loss for now: 3.174291533113947(mean)!
[2026-05-16 09:53:38,007 INFO] lecarb.estimator.mscn.mscn: Epoch 36, loss: 3.1875374890349404, time since start: 4.5 mins
[2026-05-16 09:53:38,007 INFO] lecarb.estimator.mscn.mscn: Test on valid set...
[2026-05-16 09:53:38,240 INFO] lecarb.estimator.mscn.mscn: Q-Error on validation set:
[2026-05-16 09:53:38,245 INFO] lecarb.estimator.utils: {'max': 103.0, '99th': 21.20085714285716, '95th': 9.311494252873546, '90th': 6.22500000000001, 'median': 1.6666666666666667, 'mean': 3.1709555506695537, 'gmean': 2.1737473511067633}
[2026-05-16 09:53:38,245 INFO] lecarb.estimator.mscn.mscn: best valid loss for now: 3.1709555506695537(mean)!
[2026-05-16 09:53:45,677 INFO] lecarb.estimator.mscn.mscn: Epoch 37, loss: 3.180017332286786, time since start: 4.7 mins
[2026-05-16 09:53:45,677 INFO] lecarb.estimator.mscn.mscn: Test on valid set...
[2026-05-16 09:53:45,865 INFO] lecarb.estimator.mscn.mscn: Q-Error on validation set:
[2026-05-16 09:53:45,870 INFO] lecarb.estimator.utils: {'max': 103.0, '99th': 20.80033333333334, '95th': 9.300517241379303, '90th': 6.22500000000001, 'median': 1.6666666666666667, 'mean': 3.1622173806651763, 'gmean': 2.169390267132768}
[2026-05-16 09:53:45,871 INFO] lecarb.estimator.mscn.mscn: best valid loss for now: 3.1622173806651763(mean)!
[2026-05-16 09:53:53,084 INFO] lecarb.estimator.mscn.mscn: Epoch 38, loss: 3.1711696200358594, time since start: 4.8 mins
[2026-05-16 09:53:53,084 INFO] lecarb.estimator.mscn.mscn: Test on valid set...
[2026-05-16 09:53:53,294 INFO] lecarb.estimator.mscn.mscn: Q-Error on validation set:
[2026-05-16 09:53:53,299 INFO] lecarb.estimator.utils: {'max': 103.0, '99th': 20.83375000000001, '95th': 9.300517241379303, '90th': 6.217874396135268, 'median': 1.6666666666666667, 'mean': 3.153630517128682, 'gmean': 2.165393600332131}
[2026-05-16 09:53:53,299 INFO] lecarb.estimator.mscn.mscn: best valid loss for now: 3.153630517128682(mean)!
[2026-05-16 09:54:00,247 INFO] lecarb.estimator.mscn.mscn: Epoch 39, loss: 3.159527973140902, time since start: 4.9 mins
[2026-05-16 09:54:00,247 INFO] lecarb.estimator.mscn.mscn: Test on valid set...
[2026-05-16 09:54:00,446 INFO] lecarb.estimator.mscn.mscn: Q-Error on validation set:
[2026-05-16 09:54:00,451 INFO] lecarb.estimator.utils: {'max': 103.0, '99th': 20.80033333333334, '95th': 9.251136363636347, '90th': 6.237482219061168, 'median': 1.6666666666666667, 'mean': 3.1386777743477716, 'gmean': 2.1581068677917314}
[2026-05-16 09:54:00,452 INFO] lecarb.estimator.mscn.mscn: best valid loss for now: 3.1386777743477716(mean)!
[2026-05-16 09:54:08,194 INFO] lecarb.estimator.mscn.mscn: Epoch 40, loss: 3.14598128070002, time since start: 5.0 mins
[2026-05-16 09:54:08,194 INFO] lecarb.estimator.mscn.mscn: Test on valid set...
[2026-05-16 09:54:08,397 INFO] lecarb.estimator.mscn.mscn: Q-Error on validation set:
[2026-05-16 09:54:08,402 INFO] lecarb.estimator.utils: {'max': 103.0, '99th': 20.80033333333334, '95th': 9.0, '90th': 6.125, 'median': 1.6666666666666667, 'mean': 3.1278970722976207, 'gmean': 2.1584462856520528}
[2026-05-16 09:54:08,403 INFO] lecarb.estimator.mscn.mscn: best valid loss for now: 3.1278970722976207(mean)!
[2026-05-16 09:54:15,569 INFO] lecarb.estimator.mscn.mscn: Epoch 41, loss: 3.1351041940167126, time since start: 5.2 mins
[2026-05-16 09:54:15,569 INFO] lecarb.estimator.mscn.mscn: Test on valid set...
[2026-05-16 09:54:15,773 INFO] lecarb.estimator.mscn.mscn: Q-Error on validation set:
[2026-05-16 09:54:15,778 INFO] lecarb.estimator.utils: {'max': 103.0, '99th': 20.75050000000001, '95th': 9.0, '90th': 6.0, 'median': 1.6666666666666667, 'mean': 3.115154496269305, 'gmean': 2.1546707269692416}
[2026-05-16 09:54:15,779 INFO] lecarb.estimator.mscn.mscn: best valid loss for now: 3.115154496269305(mean)!
[2026-05-16 09:54:22,800 INFO] lecarb.estimator.mscn.mscn: Epoch 42, loss: 3.122771750935508, time since start: 5.3 mins
[2026-05-16 09:54:22,800 INFO] lecarb.estimator.mscn.mscn: Test on valid set...
[2026-05-16 09:54:23,006 INFO] lecarb.estimator.mscn.mscn: Q-Error on validation set:
[2026-05-16 09:54:23,011 INFO] lecarb.estimator.utils: {'max': 103.0, '99th': 20.002500000000055, '95th': 9.0, '90th': 6.0, 'median': 1.6666666666666667, 'mean': 3.102169163138352, 'gmean': 2.147055193291035}
[2026-05-16 09:54:23,011 INFO] lecarb.estimator.mscn.mscn: best valid loss for now: 3.102169163138352(mean)!
[2026-05-16 09:54:30,270 INFO] lecarb.estimator.mscn.mscn: Epoch 43, loss: 3.1059519909226987, time since start: 5.4 mins
[2026-05-16 09:54:30,270 INFO] lecarb.estimator.mscn.mscn: Test on valid set...
[2026-05-16 09:54:30,544 INFO] lecarb.estimator.mscn.mscn: Q-Error on validation set:
[2026-05-16 09:54:30,550 INFO] lecarb.estimator.utils: {'max': 74.0, '99th': 20.002500000000055, '95th': 9.0, '90th': 6.0, 'median': 1.6666666666666667, 'mean': 3.0805339209773823, 'gmean': 2.1380055004959826}
[2026-05-16 09:54:30,550 INFO] lecarb.estimator.mscn.mscn: best valid loss for now: 3.0805339209773823(mean)!
[2026-05-16 09:54:37,489 INFO] lecarb.estimator.mscn.mscn: Epoch 44, loss: 3.085861742648932, time since start: 5.5 mins
[2026-05-16 09:54:37,489 INFO] lecarb.estimator.mscn.mscn: Test on valid set...
[2026-05-16 09:54:37,668 INFO] lecarb.estimator.mscn.mscn: Q-Error on validation set:
[2026-05-16 09:54:37,673 INFO] lecarb.estimator.utils: {'max': 76.0, '99th': 19.20050000000001, '95th': 9.0, '90th': 6.0, 'median': 1.6605921052631578, 'mean': 3.059007979772639, 'gmean': 2.130299874278643}
[2026-05-16 09:54:37,674 INFO] lecarb.estimator.mscn.mscn: best valid loss for now: 3.059007979772639(mean)!
[2026-05-16 09:54:44,657 INFO] lecarb.estimator.mscn.mscn: Epoch 45, loss: 3.0631836838734423, time since start: 5.6 mins
[2026-05-16 09:54:44,657 INFO] lecarb.estimator.mscn.mscn: Test on valid set...
[2026-05-16 09:54:45,590 INFO] lecarb.estimator.mscn.mscn: Q-Error on validation set:
[2026-05-16 09:54:45,595 INFO] lecarb.estimator.utils: {'max': 83.0, '99th': 19.20050000000001, '95th': 9.0, '90th': 6.0, 'median': 1.651607200257152, 'mean': 3.0425785994620194, 'gmean': 2.130916803553096}
[2026-05-16 09:54:45,595 INFO] lecarb.estimator.mscn.mscn: best valid loss for now: 3.0425785994620194(mean)!
[2026-05-16 09:54:52,363 INFO] lecarb.estimator.mscn.mscn: Epoch 46, loss: 3.0335543515432217, time since start: 5.8 mins
[2026-05-16 09:54:52,363 INFO] lecarb.estimator.mscn.mscn: Test on valid set...
[2026-05-16 09:54:52,543 INFO] lecarb.estimator.mscn.mscn: Q-Error on validation set:
[2026-05-16 09:54:52,548 INFO] lecarb.estimator.utils: {'max': 83.0, '99th': 19.0, '95th': 9.0, '90th': 6.0, 'median': 1.6333963010148047, 'mean': 3.0023873577249547, 'gmean': 2.0990883787233616}
[2026-05-16 09:54:52,548 INFO] lecarb.estimator.mscn.mscn: best valid loss for now: 3.0023873577249547(mean)!
[2026-05-16 09:54:59,193 INFO] lecarb.estimator.mscn.mscn: Epoch 47, loss: 3.0008913226749585, time since start: 5.9 mins
[2026-05-16 09:54:59,193 INFO] lecarb.estimator.mscn.mscn: Test on valid set...
[2026-05-16 09:54:59,375 INFO] lecarb.estimator.mscn.mscn: Q-Error on validation set:
[2026-05-16 09:54:59,381 INFO] lecarb.estimator.utils: {'max': 83.0, '99th': 19.0, '95th': 9.0, '90th': 6.0, 'median': 1.6107781582952816, 'mean': 2.965282501952075, 'gmean': 2.0819325562848254}
[2026-05-16 09:54:59,381 INFO] lecarb.estimator.mscn.mscn: best valid loss for now: 2.965282501952075(mean)!
[2026-05-16 09:55:06,527 INFO] lecarb.estimator.mscn.mscn: Epoch 48, loss: 2.9652676557945776, time since start: 6.0 mins
[2026-05-16 09:55:06,527 INFO] lecarb.estimator.mscn.mscn: Test on valid set...
[2026-05-16 09:55:06,749 INFO] lecarb.estimator.mscn.mscn: Q-Error on validation set:
[2026-05-16 09:55:06,754 INFO] lecarb.estimator.utils: {'max': 83.0, '99th': 18.182000000000006, '95th': 9.0, '90th': 6.0, 'median': 1.6, 'mean': 2.917390549908975, 'gmean': 2.0667770303777586}
[2026-05-16 09:55:06,754 INFO] lecarb.estimator.mscn.mscn: best valid loss for now: 2.917390549908975(mean)!
[2026-05-16 09:55:13,736 INFO] lecarb.estimator.mscn.mscn: Epoch 49, loss: 2.9190722182583624, time since start: 6.1 mins
[2026-05-16 09:55:13,736 INFO] lecarb.estimator.mscn.mscn: Test on valid set...
[2026-05-16 09:55:13,991 INFO] lecarb.estimator.mscn.mscn: Q-Error on validation set:
[2026-05-16 09:55:13,996 INFO] lecarb.estimator.utils: {'max': 83.0, '99th': 18.0, '95th': 8.603236658932666, '90th': 6.0, 'median': 1.598055830155816, 'mean': 2.878235703559116, 'gmean': 2.0508236925299936}
[2026-05-16 09:55:13,996 INFO] lecarb.estimator.mscn.mscn: best valid loss for now: 2.878235703559116(mean)!
[2026-05-16 09:55:21,098 INFO] lecarb.estimator.mscn.mscn: Epoch 50, loss: 2.8801288702298917, time since start: 6.2 mins
[2026-05-16 09:55:21,099 INFO] lecarb.estimator.mscn.mscn: Test on valid set...
[2026-05-16 09:55:22,036 INFO] lecarb.estimator.mscn.mscn: Q-Error on validation set:
[2026-05-16 09:55:22,041 INFO] lecarb.estimator.utils: {'max': 83.0, '99th': 17.25083333333335, '95th': 8.4, '90th': 5.808741258741263, 'median': 1.5780717879256967, 'mean': 2.8415430213733073, 'gmean': 2.032608137086953}
[2026-05-16 09:55:22,042 INFO] lecarb.estimator.mscn.mscn: best valid loss for now: 2.8415430213733073(mean)!
[2026-05-16 09:55:28,793 INFO] lecarb.estimator.mscn.mscn: Epoch 51, loss: 2.844856877461114, time since start: 6.4 mins
[2026-05-16 09:55:28,793 INFO] lecarb.estimator.mscn.mscn: Test on valid set...
[2026-05-16 09:55:29,007 INFO] lecarb.estimator.mscn.mscn: Q-Error on validation set:
[2026-05-16 09:55:29,012 INFO] lecarb.estimator.utils: {'max': 83.0, '99th': 17.223333333333354, '95th': 8.2, '90th': 5.6, 'median': 1.5541256415339544, 'mean': 2.810444505941016, 'gmean': 2.0191767494143718}
[2026-05-16 09:55:29,013 INFO] lecarb.estimator.mscn.mscn: best valid loss for now: 2.810444505941016(mean)!
[2026-05-16 09:55:36,227 INFO] lecarb.estimator.mscn.mscn: Epoch 52, loss: 2.8142773294082994, time since start: 6.5 mins
[2026-05-16 09:55:36,227 INFO] lecarb.estimator.mscn.mscn: Test on valid set...
[2026-05-16 09:55:36,449 INFO] lecarb.estimator.mscn.mscn: Q-Error on validation set:
[2026-05-16 09:55:36,454 INFO] lecarb.estimator.utils: {'max': 83.0, '99th': 17.125288461538467, '95th': 8.0, '90th': 5.5, 'median': 1.5369132583541405, 'mean': 2.77432147127385, 'gmean': 1.9858642501470474}
[2026-05-16 09:55:36,455 INFO] lecarb.estimator.mscn.mscn: best valid loss for now: 2.77432147127385(mean)!
[2026-05-16 09:55:43,566 INFO] lecarb.estimator.mscn.mscn: Epoch 53, loss: 2.7903124883656614, time since start: 6.6 mins
[2026-05-16 09:55:43,566 INFO] lecarb.estimator.mscn.mscn: Test on valid set...
[2026-05-16 09:55:43,743 INFO] lecarb.estimator.mscn.mscn: Q-Error on validation set:
[2026-05-16 09:55:43,748 INFO] lecarb.estimator.utils: {'max': 83.0, '99th': 17.128750000000082, '95th': 8.0, '90th': 5.428571428571429, 'median': 1.528665201712869, 'mean': 2.754450318371674, 'gmean': 1.9724032478423508}
[2026-05-16 09:55:43,748 INFO] lecarb.estimator.mscn.mscn: best valid loss for now: 2.754450318371674(mean)!
[2026-05-16 09:55:51,028 INFO] lecarb.estimator.mscn.mscn: Epoch 54, loss: 2.773424091241549, time since start: 6.7 mins
[2026-05-16 09:55:51,028 INFO] lecarb.estimator.mscn.mscn: Test on valid set...
[2026-05-16 09:55:51,245 INFO] lecarb.estimator.mscn.mscn: Q-Error on validation set:
[2026-05-16 09:55:51,250 INFO] lecarb.estimator.utils: {'max': 83.0, '99th': 17.111250000000002, '95th': 8.0, '90th': 5.303333333333345, 'median': 1.5232589587559162, 'mean': 2.7398270804925167, 'gmean': 1.9649178255701778}
[2026-05-16 09:55:51,250 INFO] lecarb.estimator.mscn.mscn: best valid loss for now: 2.7398270804925167(mean)!
[2026-05-16 09:55:58,532 INFO] lecarb.estimator.mscn.mscn: Epoch 55, loss: 2.760636665632048, time since start: 6.9 mins
[2026-05-16 09:55:58,532 INFO] lecarb.estimator.mscn.mscn: Test on valid set...
[2026-05-16 09:55:58,709 INFO] lecarb.estimator.mscn.mscn: Q-Error on validation set:
[2026-05-16 09:55:58,714 INFO] lecarb.estimator.utils: {'max': 83.0, '99th': 16.926795774647903, '95th': 8.0, '90th': 5.273232323232325, 'median': 1.5249428881939362, 'mean': 2.7374100958819683, 'gmean': 1.9740260187023921}
[2026-05-16 09:55:58,714 INFO] lecarb.estimator.mscn.mscn: best valid loss for now: 2.7374100958819683(mean)!
[2026-05-16 09:56:06,674 INFO] lecarb.estimator.mscn.mscn: Epoch 56, loss: 2.751639443590208, time since start: 7.0 mins
[2026-05-16 09:56:06,675 INFO] lecarb.estimator.mscn.mscn: Test on valid set...
[2026-05-16 09:56:06,852 INFO] lecarb.estimator.mscn.mscn: Q-Error on validation set:
[2026-05-16 09:56:06,857 INFO] lecarb.estimator.utils: {'max': 83.0, '99th': 17.0, '95th': 8.0, '90th': 5.285714285714286, 'median': 1.5196292490795444, 'mean': 2.7242900454032455, 'gmean': 1.9549962144303008}
[2026-05-16 09:56:06,858 INFO] lecarb.estimator.mscn.mscn: best valid loss for now: 2.7242900454032455(mean)!
[2026-05-16 09:56:13,961 INFO] lecarb.estimator.mscn.mscn: Epoch 57, loss: 2.7439491986618627, time since start: 7.1 mins
[2026-05-16 09:56:13,961 INFO] lecarb.estimator.mscn.mscn: Test on valid set...
[2026-05-16 09:56:14,148 INFO] lecarb.estimator.mscn.mscn: Q-Error on validation set:
[2026-05-16 09:56:14,154 INFO] lecarb.estimator.utils: {'max': 83.0, '99th': 16.92384615384617, '95th': 8.0, '90th': 5.25, 'median': 1.5151480463980462, 'mean': 2.7231102722362275, 'gmean': 1.9638742686460653}
[2026-05-16 09:56:14,154 INFO] lecarb.estimator.mscn.mscn: best valid loss for now: 2.7231102722362275(mean)!
[2026-05-16 09:56:21,314 INFO] lecarb.estimator.mscn.mscn: Epoch 58, loss: 2.7385105909898764, time since start: 7.3 mins
[2026-05-16 09:56:21,314 INFO] lecarb.estimator.mscn.mscn: Test on valid set...
[2026-05-16 09:56:21,531 INFO] lecarb.estimator.mscn.mscn: Q-Error on validation set:
[2026-05-16 09:56:21,539 INFO] lecarb.estimator.utils: {'max': 83.0, '99th': 16.668000000000028, '95th': 8.0, '90th': 5.222567873303172, 'median': 1.5206317204301074, 'mean': 2.7152668407504925, 'gmean': 1.9591224508840535}
[2026-05-16 09:56:21,539 INFO] lecarb.estimator.mscn.mscn: best valid loss for now: 2.7152668407504925(mean)!
[2026-05-16 09:56:29,119 INFO] lecarb.estimator.mscn.mscn: Epoch 59, loss: 2.732048537725073, time since start: 7.4 mins
[2026-05-16 09:56:29,120 INFO] lecarb.estimator.mscn.mscn: Test on valid set...
[2026-05-16 09:56:29,311 INFO] lecarb.estimator.mscn.mscn: Q-Error on validation set:
[2026-05-16 09:56:29,316 INFO] lecarb.estimator.utils: {'max': 83.0, '99th': 16.8, '95th': 8.0, '90th': 5.177214334009469, 'median': 1.5201893395939305, 'mean': 2.713777653576932, 'gmean': 1.9573476051260388}
[2026-05-16 09:56:29,317 INFO] lecarb.estimator.mscn.mscn: best valid loss for now: 2.713777653576932(mean)!
[2026-05-16 09:56:36,289 INFO] lecarb.estimator.mscn.mscn: Epoch 60, loss: 2.7268319843370286, time since start: 7.5 mins
[2026-05-16 09:56:36,289 INFO] lecarb.estimator.mscn.mscn: Test on valid set...
[2026-05-16 09:56:36,481 INFO] lecarb.estimator.mscn.mscn: Q-Error on validation set:
[2026-05-16 09:56:36,487 INFO] lecarb.estimator.utils: {'max': 83.0, '99th': 16.8012307692308, '95th': 8.0, '90th': 5.171305595408898, 'median': 1.5236349671833542, 'mean': 2.715561411748217, 'gmean': 1.964311299830286}
[2026-05-16 09:56:43,412 INFO] lecarb.estimator.mscn.mscn: Epoch 61, loss: 2.723086826026897, time since start: 7.6 mins
[2026-05-16 09:56:43,412 INFO] lecarb.estimator.mscn.mscn: Test on valid set...
[2026-05-16 09:56:43,597 INFO] lecarb.estimator.mscn.mscn: Q-Error on validation set:
[2026-05-16 09:56:43,603 INFO] lecarb.estimator.utils: {'max': 83.0, '99th': 16.92334615384616, '95th': 8.0, '90th': 5.171305595408898, 'median': 1.5123399081499587, 'mean': 2.7097526085039405, 'gmean': 1.9566843916784358}
[2026-05-16 09:56:43,603 INFO] lecarb.estimator.mscn.mscn: best valid loss for now: 2.7097526085039405(mean)!
[2026-05-16 09:56:51,454 INFO] lecarb.estimator.mscn.mscn: Epoch 62, loss: 2.718476154005436, time since start: 7.8 mins
[2026-05-16 09:56:51,455 INFO] lecarb.estimator.mscn.mscn: Test on valid set...
[2026-05-16 09:56:51,633 INFO] lecarb.estimator.mscn.mscn: Q-Error on validation set:
[2026-05-16 09:56:51,639 INFO] lecarb.estimator.utils: {'max': 83.0, '99th': 16.95050000000001, '95th': 8.0, '90th': 5.2, 'median': 1.5133240263377132, 'mean': 2.7035458410344146, 'gmean': 1.9477004513563876}
[2026-05-16 09:56:51,639 INFO] lecarb.estimator.mscn.mscn: best valid loss for now: 2.7035458410344146(mean)!
[2026-05-16 09:56:58,503 INFO] lecarb.estimator.mscn.mscn: Epoch 63, loss: 2.715402165337292, time since start: 7.9 mins
[2026-05-16 09:56:58,503 INFO] lecarb.estimator.mscn.mscn: Test on valid set...
[2026-05-16 09:56:58,683 INFO] lecarb.estimator.mscn.mscn: Q-Error on validation set:
[2026-05-16 09:56:58,688 INFO] lecarb.estimator.utils: {'max': 83.0, '99th': 16.92334615384616, '95th': 8.0, '90th': 5.202222222222231, 'median': 1.5, 'mean': 2.6974919736293974, 'gmean': 1.9426930704806422}
[2026-05-16 09:56:58,688 INFO] lecarb.estimator.mscn.mscn: best valid loss for now: 2.6974919736293974(mean)!
[2026-05-16 09:57:06,202 INFO] lecarb.estimator.mscn.mscn: Epoch 64, loss: 2.7113195081501056, time since start: 8.0 mins
[2026-05-16 09:57:06,203 INFO] lecarb.estimator.mscn.mscn: Test on valid set...
[2026-05-16 09:57:06,382 INFO] lecarb.estimator.mscn.mscn: Q-Error on validation set:
[2026-05-16 09:57:06,387 INFO] lecarb.estimator.utils: {'max': 83.0, '99th': 17.0, '95th': 8.0, '90th': 5.25, 'median': 1.5, 'mean': 2.6970189080251497, 'gmean': 1.9441573167498671}
[2026-05-16 09:57:06,387 INFO] lecarb.estimator.mscn.mscn: best valid loss for now: 2.6970189080251497(mean)!
[2026-05-16 09:57:13,730 INFO] lecarb.estimator.mscn.mscn: Epoch 65, loss: 2.709536723773498, time since start: 8.1 mins
[2026-05-16 09:57:13,730 INFO] lecarb.estimator.mscn.mscn: Test on valid set...
[2026-05-16 09:57:14,020 INFO] lecarb.estimator.mscn.mscn: Q-Error on validation set:
[2026-05-16 09:57:14,025 INFO] lecarb.estimator.utils: {'max': 84.0, '99th': 17.0, '95th': 8.0, '90th': 5.25, 'median': 1.5, 'mean': 2.6989614928106525, 'gmean': 1.9438368308295593}
[2026-05-16 09:57:20,995 INFO] lecarb.estimator.mscn.mscn: Epoch 66, loss: 2.7047932824820204, time since start: 8.2 mins
[2026-05-16 09:57:20,995 INFO] lecarb.estimator.mscn.mscn: Test on valid set...
[2026-05-16 09:57:21,173 INFO] lecarb.estimator.mscn.mscn: Q-Error on validation set:
[2026-05-16 09:57:21,178 INFO] lecarb.estimator.utils: {'max': 85.0, '99th': 16.8, '95th': 8.0, '90th': 5.25, 'median': 1.5, 'mean': 2.6946270855808603, 'gmean': 1.942057812091395}
[2026-05-16 09:57:21,178 INFO] lecarb.estimator.mscn.mscn: best valid loss for now: 2.6946270855808603(mean)!
[2026-05-16 09:57:28,384 INFO] lecarb.estimator.mscn.mscn: Epoch 67, loss: 2.701862873018855, time since start: 8.4 mins
[2026-05-16 09:57:28,384 INFO] lecarb.estimator.mscn.mscn: Test on valid set...
[2026-05-16 09:57:29,340 INFO] lecarb.estimator.mscn.mscn: Q-Error on validation set:
[2026-05-16 09:57:29,347 INFO] lecarb.estimator.utils: {'max': 86.0, '99th': 16.625416666666677, '95th': 8.0, '90th': 5.2, 'median': 1.5, 'mean': 2.6942686985491493, 'gmean': 1.9425034705017257}
[2026-05-16 09:57:29,347 INFO] lecarb.estimator.mscn.mscn: best valid loss for now: 2.6942686985491493(mean)!
[2026-05-16 09:57:36,506 INFO] lecarb.estimator.mscn.mscn: Epoch 68, loss: 2.6996505248272205, time since start: 8.5 mins
[2026-05-16 09:57:36,506 INFO] lecarb.estimator.mscn.mscn: Test on valid set...
[2026-05-16 09:57:36,685 INFO] lecarb.estimator.mscn.mscn: Q-Error on validation set:
[2026-05-16 09:57:36,691 INFO] lecarb.estimator.utils: {'max': 86.0, '99th': 16.625416666666677, '95th': 8.0, '90th': 5.177742448330688, 'median': 1.5, 'mean': 2.687032625471939, 'gmean': 1.9340611530370027}
[2026-05-16 09:57:36,691 INFO] lecarb.estimator.mscn.mscn: best valid loss for now: 2.687032625471939(mean)!
[2026-05-16 09:57:44,143 INFO] lecarb.estimator.mscn.mscn: Epoch 69, loss: 2.6968939243375187, time since start: 8.6 mins
[2026-05-16 09:57:44,143 INFO] lecarb.estimator.mscn.mscn: Test on valid set...
[2026-05-16 09:57:44,407 INFO] lecarb.estimator.mscn.mscn: Q-Error on validation set:
[2026-05-16 09:57:44,412 INFO] lecarb.estimator.utils: {'max': 87.0, '99th': 16.54555555555556, '95th': 8.0, '90th': 5.162612612612614, 'median': 1.5, 'mean': 2.6825268118997627, 'gmean': 1.9297469479038787}
[2026-05-16 09:57:44,413 INFO] lecarb.estimator.mscn.mscn: best valid loss for now: 2.6825268118997627(mean)!
[2026-05-16 09:57:51,786 INFO] lecarb.estimator.mscn.mscn: Epoch 70, loss: 2.69325802820113, time since start: 8.8 mins
[2026-05-16 09:57:51,786 INFO] lecarb.estimator.mscn.mscn: Test on valid set...
[2026-05-16 09:57:52,056 INFO] lecarb.estimator.mscn.mscn: Q-Error on validation set:
[2026-05-16 09:57:52,067 INFO] lecarb.estimator.utils: {'max': 88.0, '99th': 16.556250000000016, '95th': 8.0, '90th': 5.2, 'median': 1.5, 'mean': 2.6825137275619033, 'gmean': 1.9391058023807006}
[2026-05-16 09:57:52,068 INFO] lecarb.estimator.mscn.mscn: best valid loss for now: 2.6825137275619033(mean)!
[2026-05-16 09:57:59,593 INFO] lecarb.estimator.mscn.mscn: Epoch 71, loss: 2.6913494362550625, time since start: 8.9 mins
[2026-05-16 09:57:59,593 INFO] lecarb.estimator.mscn.mscn: Test on valid set...
[2026-05-16 09:57:59,801 INFO] lecarb.estimator.mscn.mscn: Q-Error on validation set:
[2026-05-16 09:57:59,812 INFO] lecarb.estimator.utils: {'max': 89.0, '99th': 16.625416666666677, '95th': 8.0, '90th': 5.176097763048881, 'median': 1.5, 'mean': 2.6742291227044297, 'gmean': 1.9271069167937347}
[2026-05-16 09:57:59,813 INFO] lecarb.estimator.mscn.mscn: best valid loss for now: 2.6742291227044297(mean)!
[2026-05-16 09:58:06,880 INFO] lecarb.estimator.mscn.mscn: Epoch 72, loss: 2.6875458550270257, time since start: 9.0 mins
[2026-05-16 09:58:06,880 INFO] lecarb.estimator.mscn.mscn: Test on valid set...
[2026-05-16 09:58:07,785 INFO] lecarb.estimator.mscn.mscn: Q-Error on validation set:
[2026-05-16 09:58:07,790 INFO] lecarb.estimator.utils: {'max': 86.0, '99th': 16.54625000000002, '95th': 8.0, '90th': 5.15512820512821, 'median': 1.5, 'mean': 2.670194149895508, 'gmean': 1.927255385277725}
[2026-05-16 09:58:07,790 INFO] lecarb.estimator.mscn.mscn: best valid loss for now: 2.670194149895508(mean)!
[2026-05-16 09:58:15,057 INFO] lecarb.estimator.mscn.mscn: Epoch 73, loss: 2.68436805549485, time since start: 9.1 mins
[2026-05-16 09:58:15,058 INFO] lecarb.estimator.mscn.mscn: Test on valid set...
[2026-05-16 09:58:15,239 INFO] lecarb.estimator.mscn.mscn: Q-Error on validation set:
[2026-05-16 09:58:15,244 INFO] lecarb.estimator.utils: {'max': 86.0, '99th': 16.625416666666677, '95th': 8.0, '90th': 5.111111111111111, 'median': 1.5, 'mean': 2.674402532276894, 'gmean': 1.9333182083528297}
[2026-05-16 09:58:22,308 INFO] lecarb.estimator.mscn.mscn: Epoch 74, loss: 2.6810802669476366, time since start: 9.3 mins
[2026-05-16 09:58:22,308 INFO] lecarb.estimator.mscn.mscn: Test on valid set...
[2026-05-16 09:58:22,566 INFO] lecarb.estimator.mscn.mscn: Q-Error on validation set:
[2026-05-16 09:58:22,571 INFO] lecarb.estimator.utils: {'max': 85.0, '99th': 16.54625000000002, '95th': 8.0, '90th': 5.1011111111111145, 'median': 1.5, 'mean': 2.6680751674417107, 'gmean': 1.9260118065881215}
[2026-05-16 09:58:22,571 INFO] lecarb.estimator.mscn.mscn: best valid loss for now: 2.6680751674417107(mean)!
[2026-05-16 09:58:29,478 INFO] lecarb.estimator.mscn.mscn: Epoch 75, loss: 2.6789805285461115, time since start: 9.4 mins
[2026-05-16 09:58:29,478 INFO] lecarb.estimator.mscn.mscn: Test on valid set...
[2026-05-16 09:58:29,665 INFO] lecarb.estimator.mscn.mscn: Q-Error on validation set:
[2026-05-16 09:58:29,671 INFO] lecarb.estimator.utils: {'max': 84.0, '99th': 16.500454545454556, '95th': 8.0, '90th': 5.111111111111111, 'median': 1.5, 'mean': 2.666245107870294, 'gmean': 1.9229252397272065}
[2026-05-16 09:58:29,671 INFO] lecarb.estimator.mscn.mscn: best valid loss for now: 2.666245107870294(mean)!
[2026-05-16 09:58:36,748 INFO] lecarb.estimator.mscn.mscn: Epoch 76, loss: 2.676851440268709, time since start: 9.5 mins
[2026-05-16 09:58:36,748 INFO] lecarb.estimator.mscn.mscn: Test on valid set...
[2026-05-16 09:58:36,940 INFO] lecarb.estimator.mscn.mscn: Q-Error on validation set:
[2026-05-16 09:58:36,946 INFO] lecarb.estimator.utils: {'max': 84.0, '99th': 16.376704545454583, '95th': 8.0, '90th': 5.091574279379159, 'median': 1.5, 'mean': 2.6649730188709198, 'gmean': 1.9201353142614004}
[2026-05-16 09:58:36,946 INFO] lecarb.estimator.mscn.mscn: best valid loss for now: 2.6649730188709198(mean)!
[2026-05-16 09:58:44,232 INFO] lecarb.estimator.mscn.mscn: Epoch 77, loss: 2.6732837531877602, time since start: 9.6 mins
[2026-05-16 09:58:44,232 INFO] lecarb.estimator.mscn.mscn: Test on valid set...
[2026-05-16 09:58:44,426 INFO] lecarb.estimator.mscn.mscn: Q-Error on validation set:
[2026-05-16 09:58:44,436 INFO] lecarb.estimator.utils: {'max': 84.0, '99th': 16.54555555555556, '95th': 8.0, '90th': 5.1, 'median': 1.5, 'mean': 2.668864235502751, 'gmean': 1.9264484032316516}
[2026-05-16 09:58:52,697 INFO] lecarb.estimator.mscn.mscn: Epoch 78, loss: 2.6709482913736795, time since start: 9.8 mins
[2026-05-16 09:58:52,697 INFO] lecarb.estimator.mscn.mscn: Test on valid set...
[2026-05-16 09:58:52,984 INFO] lecarb.estimator.mscn.mscn: Q-Error on validation set:
[2026-05-16 09:58:52,995 INFO] lecarb.estimator.utils: {'max': 84.0, '99th': 16.376250000000027, '95th': 8.0, '90th': 5.1, 'median': 1.5, 'mean': 2.668363381871354, 'gmean': 1.9270314465070015}
[2026-05-16 09:59:00,272 INFO] lecarb.estimator.mscn.mscn: Epoch 79, loss: 2.668973050763845, time since start: 9.9 mins
[2026-05-16 09:59:00,272 INFO] lecarb.estimator.mscn.mscn: Test on valid set...
[2026-05-16 09:59:00,418 INFO] lecarb.estimator.mscn.mscn: Q-Error on validation set:
[2026-05-16 09:59:00,423 INFO] lecarb.estimator.utils: {'max': 84.0, '99th': 16.33375000000001, '95th': 8.0, '90th': 5.100256410256411, 'median': 1.5, 'mean': 2.6643716594005262, 'gmean': 1.9204310347532347}
[2026-05-16 09:59:00,424 INFO] lecarb.estimator.mscn.mscn: best valid loss for now: 2.6643716594005262(mean)!
[2026-05-16 09:59:07,805 INFO] lecarb.estimator.mscn.mscn: Epoch 80, loss: 2.6675164638577824, time since start: 10.0 mins
[2026-05-16 09:59:07,805 INFO] lecarb.estimator.mscn.mscn: Test on valid set...
[2026-05-16 09:59:08,007 INFO] lecarb.estimator.mscn.mscn: Q-Error on validation set:
[2026-05-16 09:59:08,012 INFO] lecarb.estimator.utils: {'max': 83.0, '99th': 16.376250000000027, '95th': 8.0, '90th': 5.1, 'median': 1.5, 'mean': 2.6585280097827284, 'gmean': 1.913579007157386}
[2026-05-16 09:59:08,012 INFO] lecarb.estimator.mscn.mscn: best valid loss for now: 2.6585280097827284(mean)!
[2026-05-16 09:59:15,112 INFO] lecarb.estimator.mscn.mscn: Epoch 81, loss: 2.663416865536624, time since start: 10.1 mins
[2026-05-16 09:59:15,112 INFO] lecarb.estimator.mscn.mscn: Test on valid set...
[2026-05-16 09:59:15,286 INFO] lecarb.estimator.mscn.mscn: Q-Error on validation set:
[2026-05-16 09:59:15,292 INFO] lecarb.estimator.utils: {'max': 84.0, '99th': 16.33375000000001, '95th': 8.0, '90th': 5.1, 'median': 1.5, 'mean': 2.659616162826441, 'gmean': 1.9176495606498223}
[2026-05-16 09:59:22,259 INFO] lecarb.estimator.mscn.mscn: Epoch 82, loss: 2.6622676983513793, time since start: 10.3 mins
[2026-05-16 09:59:22,260 INFO] lecarb.estimator.mscn.mscn: Test on valid set...
[2026-05-16 09:59:22,477 INFO] lecarb.estimator.mscn.mscn: Q-Error on validation set:
[2026-05-16 09:59:22,483 INFO] lecarb.estimator.utils: {'max': 83.0, '99th': 16.33375000000001, '95th': 8.0, '90th': 5.1011111111111145, 'median': 1.5, 'mean': 2.6579637823136486, 'gmean': 1.917929113592617}
[2026-05-16 09:59:22,483 INFO] lecarb.estimator.mscn.mscn: best valid loss for now: 2.6579637823136486(mean)!
[2026-05-16 09:59:30,615 INFO] lecarb.estimator.mscn.mscn: Epoch 83, loss: 2.660887637101781, time since start: 10.4 mins
[2026-05-16 09:59:30,615 INFO] lecarb.estimator.mscn.mscn: Test on valid set...
[2026-05-16 09:59:30,809 INFO] lecarb.estimator.mscn.mscn: Q-Error on validation set:
[2026-05-16 09:59:30,814 INFO] lecarb.estimator.utils: {'max': 83.0, '99th': 16.285934065934068, '95th': 8.0, '90th': 5.144787644787652, 'median': 1.5, 'mean': 2.6578289138161497, 'gmean': 1.9162785987707232}
[2026-05-16 09:59:30,814 INFO] lecarb.estimator.mscn.mscn: best valid loss for now: 2.6578289138161497(mean)!
[2026-05-16 09:59:38,183 INFO] lecarb.estimator.mscn.mscn: Epoch 84, loss: 2.6583161793096597, time since start: 10.5 mins
[2026-05-16 09:59:38,183 INFO] lecarb.estimator.mscn.mscn: Test on valid set...
[2026-05-16 09:59:38,396 INFO] lecarb.estimator.mscn.mscn: Q-Error on validation set:
[2026-05-16 09:59:38,401 INFO] lecarb.estimator.utils: {'max': 83.0, '99th': 16.182500000000015, '95th': 8.0, '90th': 5.0932447397563685, 'median': 1.490532332976063, 'mean': 2.6546450799443106, 'gmean': 1.9134168323413605}
[2026-05-16 09:59:38,401 INFO] lecarb.estimator.mscn.mscn: best valid loss for now: 2.6546450799443106(mean)!
[2026-05-16 09:59:45,424 INFO] lecarb.estimator.mscn.mscn: Epoch 85, loss: 2.6563128479911238, time since start: 10.7 mins
[2026-05-16 09:59:45,424 INFO] lecarb.estimator.mscn.mscn: Test on valid set...
[2026-05-16 09:59:45,610 INFO] lecarb.estimator.mscn.mscn: Q-Error on validation set:
[2026-05-16 09:59:45,616 INFO] lecarb.estimator.utils: {'max': 83.0, '99th': 16.166818181818186, '95th': 8.0, '90th': 5.069696969696976, 'median': 1.5, 'mean': 2.6540870038466857, 'gmean': 1.9142037515001926}
[2026-05-16 09:59:45,616 INFO] lecarb.estimator.mscn.mscn: best valid loss for now: 2.6540870038466857(mean)!
[2026-05-16 09:59:52,360 INFO] lecarb.estimator.mscn.mscn: Epoch 86, loss: 2.6543526960455854, time since start: 10.8 mins
[2026-05-16 09:59:52,361 INFO] lecarb.estimator.mscn.mscn: Test on valid set...
[2026-05-16 09:59:52,627 INFO] lecarb.estimator.mscn.mscn: Q-Error on validation set:
[2026-05-16 09:59:52,632 INFO] lecarb.estimator.utils: {'max': 83.0, '99th': 16.182500000000015, '95th': 8.0, '90th': 5.1, 'median': 1.5, 'mean': 2.656844160712157, 'gmean': 1.9189648962450079}
[2026-05-16 09:59:59,758 INFO] lecarb.estimator.mscn.mscn: Epoch 87, loss: 2.653454192764009, time since start: 10.9 mins
[2026-05-16 09:59:59,758 INFO] lecarb.estimator.mscn.mscn: Test on valid set...
[2026-05-16 09:59:59,958 INFO] lecarb.estimator.mscn.mscn: Q-Error on validation set:
[2026-05-16 09:59:59,964 INFO] lecarb.estimator.utils: {'max': 81.0, '99th': 16.25035714285715, '95th': 8.0, '90th': 5.1, 'median': 1.5, 'mean': 2.655729054030115, 'gmean': 1.9179235711470022}
[2026-05-16 10:00:08,281 INFO] lecarb.estimator.mscn.mscn: Epoch 88, loss: 2.6521756953900426, time since start: 11.0 mins
[2026-05-16 10:00:08,282 INFO] lecarb.estimator.mscn.mscn: Test on valid set...
[2026-05-16 10:00:08,501 INFO] lecarb.estimator.mscn.mscn: Q-Error on validation set:
[2026-05-16 10:00:08,506 INFO] lecarb.estimator.utils: {'max': 81.0, '99th': 16.285857142857143, '95th': 8.0, '90th': 5.091341991341992, 'median': 1.496923958490756, 'mean': 2.6508102462337932, 'gmean': 1.910008239603374}
[2026-05-16 10:00:08,506 INFO] lecarb.estimator.mscn.mscn: best valid loss for now: 2.6508102462337932(mean)!
[2026-05-16 10:00:15,480 INFO] lecarb.estimator.mscn.mscn: Epoch 89, loss: 2.6484350097148925, time since start: 11.2 mins
[2026-05-16 10:00:15,480 INFO] lecarb.estimator.mscn.mscn: Test on valid set...
[2026-05-16 10:00:15,662 INFO] lecarb.estimator.mscn.mscn: Q-Error on validation set:
[2026-05-16 10:00:15,668 INFO] lecarb.estimator.utils: {'max': 81.0, '99th': 16.25035714285715, '95th': 8.0, '90th': 5.062632978723405, 'median': 1.5, 'mean': 2.6534993392399837, 'gmean': 1.9175625749447418}
[2026-05-16 10:00:23,179 INFO] lecarb.estimator.mscn.mscn: Epoch 90, loss: 2.6479695184761303, time since start: 11.3 mins
[2026-05-16 10:00:23,180 INFO] lecarb.estimator.mscn.mscn: Test on valid set...
[2026-05-16 10:00:23,523 INFO] lecarb.estimator.mscn.mscn: Q-Error on validation set:
[2026-05-16 10:00:23,528 INFO] lecarb.estimator.utils: {'max': 80.0, '99th': 16.307948717948722, '95th': 8.0, '90th': 5.08553044569994, 'median': 1.4914021164021163, 'mean': 2.649498896651713, 'gmean': 1.9116934264522925}
[2026-05-16 10:00:23,528 INFO] lecarb.estimator.mscn.mscn: best valid loss for now: 2.649498896651713(mean)!
[2026-05-16 10:00:30,568 INFO] lecarb.estimator.mscn.mscn: Epoch 91, loss: 2.6452194388260315, time since start: 11.4 mins
[2026-05-16 10:00:30,568 INFO] lecarb.estimator.mscn.mscn: Test on valid set...
[2026-05-16 10:00:30,755 INFO] lecarb.estimator.mscn.mscn: Q-Error on validation set:
[2026-05-16 10:00:30,760 INFO] lecarb.estimator.utils: {'max': 80.0, '99th': 16.166818181818186, '95th': 8.0, '90th': 5.0, 'median': 1.4876863449918405, 'mean': 2.644788637856287, 'gmean': 1.9070121171097436}
[2026-05-16 10:00:30,760 INFO] lecarb.estimator.mscn.mscn: best valid loss for now: 2.644788637856287(mean)!
[2026-05-16 10:00:37,845 INFO] lecarb.estimator.mscn.mscn: Epoch 92, loss: 2.6440978190478157, time since start: 11.5 mins
[2026-05-16 10:00:37,846 INFO] lecarb.estimator.mscn.mscn: Test on valid set...
[2026-05-16 10:00:38,039 INFO] lecarb.estimator.mscn.mscn: Q-Error on validation set:
[2026-05-16 10:00:38,047 INFO] lecarb.estimator.utils: {'max': 80.0, '99th': 16.166818181818186, '95th': 8.0, '90th': 5.0, 'median': 1.4790717772639153, 'mean': 2.6388249787076443, 'gmean': 1.9053469563070125}
[2026-05-16 10:00:38,048 INFO] lecarb.estimator.mscn.mscn: best valid loss for now: 2.6388249787076443(mean)!
[2026-05-16 10:00:45,194 INFO] lecarb.estimator.mscn.mscn: Epoch 93, loss: 2.642056881009465, time since start: 11.7 mins
[2026-05-16 10:00:45,194 INFO] lecarb.estimator.mscn.mscn: Test on valid set...
[2026-05-16 10:00:45,441 INFO] lecarb.estimator.mscn.mscn: Q-Error on validation set:
[2026-05-16 10:00:45,450 INFO] lecarb.estimator.utils: {'max': 80.0, '99th': 16.285857142857143, '95th': 8.0, '90th': 5.0, 'median': 1.4847248134328357, 'mean': 2.6408379982255474, 'gmean': 1.9071031939274947}
[2026-05-16 10:00:53,321 INFO] lecarb.estimator.mscn.mscn: Epoch 94, loss: 2.6397492507534563, time since start: 11.8 mins
[2026-05-16 10:00:53,322 INFO] lecarb.estimator.mscn.mscn: Test on valid set...
[2026-05-16 10:00:53,506 INFO] lecarb.estimator.mscn.mscn: Q-Error on validation set:
[2026-05-16 10:00:53,511 INFO] lecarb.estimator.utils: {'max': 81.0, '99th': 16.25035714285715, '95th': 7.842307692307689, '90th': 5.0, 'median': 1.4874400970579313, 'mean': 2.6389746049838925, 'gmean': 1.906192550996861}
[2026-05-16 10:01:00,571 INFO] lecarb.estimator.mscn.mscn: Epoch 95, loss: 2.6371702824712107, time since start: 11.9 mins
[2026-05-16 10:01:00,571 INFO] lecarb.estimator.mscn.mscn: Test on valid set...
[2026-05-16 10:01:00,759 INFO] lecarb.estimator.mscn.mscn: Q-Error on validation set:
[2026-05-16 10:01:00,764 INFO] lecarb.estimator.utils: {'max': 82.0, '99th': 16.001666666666704, '95th': 7.945628997867798, '90th': 5.0, 'median': 1.4794226024195916, 'mean': 2.6332533393276414, 'gmean': 1.9012431125248301}
[2026-05-16 10:01:00,765 INFO] lecarb.estimator.mscn.mscn: best valid loss for now: 2.6332533393276414(mean)!
[2026-05-16 10:01:07,606 INFO] lecarb.estimator.mscn.mscn: Epoch 96, loss: 2.634751157687448, time since start: 12.0 mins
[2026-05-16 10:01:07,606 INFO] lecarb.estimator.mscn.mscn: Test on valid set...
[2026-05-16 10:01:07,815 INFO] lecarb.estimator.mscn.mscn: Q-Error on validation set:
[2026-05-16 10:01:07,823 INFO] lecarb.estimator.utils: {'max': 82.0, '99th': 16.001666666666704, '95th': 7.890277777777758, '90th': 5.0, 'median': 1.4817197896388414, 'mean': 2.6376409957156737, 'gmean': 1.9093400559838085}
[2026-05-16 10:01:14,974 INFO] lecarb.estimator.mscn.mscn: Epoch 97, loss: 2.633957063450533, time since start: 12.1 mins
[2026-05-16 10:01:14,974 INFO] lecarb.estimator.mscn.mscn: Test on valid set...
[2026-05-16 10:01:15,183 INFO] lecarb.estimator.mscn.mscn: Q-Error on validation set:
[2026-05-16 10:01:15,188 INFO] lecarb.estimator.utils: {'max': 83.0, '99th': 16.166818181818186, '95th': 7.843749999999976, '90th': 5.0, 'median': 1.4722487784151266, 'mean': 2.6293270128753377, 'gmean': 1.9004455891341308}
[2026-05-16 10:01:15,189 INFO] lecarb.estimator.mscn.mscn: best valid loss for now: 2.6293270128753377(mean)!
[2026-05-16 10:01:22,278 INFO] lecarb.estimator.mscn.mscn: Epoch 98, loss: 2.63199295107361, time since start: 12.3 mins
[2026-05-16 10:01:22,279 INFO] lecarb.estimator.mscn.mscn: Test on valid set...
[2026-05-16 10:01:22,457 INFO] lecarb.estimator.mscn.mscn: Q-Error on validation set:
[2026-05-16 10:01:22,462 INFO] lecarb.estimator.utils: {'max': 83.0, '99th': 16.182500000000015, '95th': 7.84444444444441, '90th': 5.0, 'median': 1.4654033644534394, 'mean': 2.629329247878598, 'gmean': 1.8992421494095268}
[2026-05-16 10:01:30,389 INFO] lecarb.estimator.mscn.mscn: Epoch 99, loss: 2.628031937362593, time since start: 12.4 mins
[2026-05-16 10:01:30,389 INFO] lecarb.estimator.mscn.mscn: Test on valid set...
[2026-05-16 10:01:30,583 INFO] lecarb.estimator.mscn.mscn: Q-Error on validation set:
[2026-05-16 10:01:30,589 INFO] lecarb.estimator.utils: {'max': 83.0, '99th': 16.0, '95th': 7.819377990430604, '90th': 5.0, 'median': 1.4844438079553184, 'mean': 2.6367025294444977, 'gmean': 1.9141596136049062}
[2026-05-16 10:01:37,879 INFO] lecarb.estimator.mscn.mscn: Epoch 100, loss: 2.626820031334372, time since start: 12.5 mins
[2026-05-16 10:01:37,879 INFO] lecarb.estimator.mscn.mscn: Test on valid set...
[2026-05-16 10:01:38,074 INFO] lecarb.estimator.mscn.mscn: Q-Error on validation set:
[2026-05-16 10:01:38,079 INFO] lecarb.estimator.utils: {'max': 84.0, '99th': 16.25035714285715, '95th': 7.8009090909090775, '90th': 5.0, 'median': 1.4768423480567408, 'mean': 2.6253663915174448, 'gmean': 1.8992264494124718}
[2026-05-16 10:01:38,079 INFO] lecarb.estimator.mscn.mscn: best valid loss for now: 2.6253663915174448(mean)!
[2026-05-16 10:01:38,081 INFO] lecarb.estimator.mscn.mscn: Training finished! Time spent since start: 12.53 mins
[2026-05-16 10:01:38,081 INFO] lecarb.estimator.mscn.mscn: Model saved to output/model/census13/original_base-mscn_hid8_sample500_ep100_bs256_100k-123.pt, best valid: {'base': {'max': 84.0, '99th': 16.25035714285715, '95th': 7.8009090909090775, '90th': 5.0, 'median': 1.4768423480567408, 'mean': 2.6253663915174448, 'gmean': 1.8992264494124718}}
