uv run python -m lecarb train -s123 -dcensus13 -voriginal -wbase -enaru --params "{'epochs': 100, 'input_encoding': 'embed', 'output_encoding': 'embed', 'embed_size': 8, 'layers': 4, 'fc_hiddens': 16, 'residual': True, 'warmups': 0}" --sizelimit 0
Uninstalled 1 package in 1ms
Installed 1 package in 5ms
/home/student.unimelb.edu.au/yli16636/Desktop/AreCELearnedYet/.venv/lib/python3.8/site-packages/dask/dataframe/utils.py:15: FutureWarning: pandas.util.testing is deprecated. Use the functions in the public API at pandas.testing instead.
  import pandas.util.testing as tm
[2026-05-16 09:46:14,820 INFO] lecarb.estimator.naru.naru: torch threads: 16
[2026-05-16 09:46:14,821 INFO] lecarb.dataset.dataset: table exists, load...
[2026-05-16 09:46:14,823 INFO] lecarb.dataset.dataset: load finished: Table census13_original (48842 rows, 4.84MB, columns:
Column(age, type=int64, vocab size=74, min=17, max=90, has NaN=False)
Column(workclass, type=category, vocab size=9, min=?, max=Without-pay, has NaN=False)
Column(education, type=category, vocab size=16, min=10th, max=Some-college, has NaN=False)
Column(education_num, type=int64, vocab size=16, min=1, max=16, has NaN=False)
Column(marital_status, type=category, vocab size=7, min=Divorced, max=Widowed, has NaN=False)
Column(occupation, type=category, vocab size=15, min=?, max=Transport-moving, has NaN=False)
Column(relationship, type=category, vocab size=6, min=Husband, max=Wife, has NaN=False)
Column(race, type=category, vocab size=5, min=Amer-Indian-Eskimo, max=White, has NaN=False)
Column(sex, type=category, vocab size=2, min=Female, max=Male, has NaN=False)
Column(capital_gain, type=int64, vocab size=123, min=0, max=99999, has NaN=False)
Column(capital_loss, type=int64, vocab size=99, min=0, max=4356, has NaN=False)
Column(hours_per_week, type=int64, vocab size=96, min=1, max=99, has NaN=False)
Column(native_country, type=category, vocab size=42, min=?, max=Yugoslavia, has NaN=False))
[2026-05-16 09:46:16,419 INFO] lecarb.estimator.naru.naru: params: {'epochs': 100, 'input_encoding': 'embed', 'output_encoding': 'embed', 'embed_size': 8, 'layers': 4, 'fc_hiddens': 16, 'residual': True, 'warmups': 0}
[2026-05-16 09:46:16,419 INFO] lecarb.estimator.naru.made: fixed_ordering: None, seed: 0, natural_ordering: True
[2026-05-16 09:46:16,419 INFO] lecarb.estimator.naru.made: encoded_bins (output): [8, 8, 8, 8, 7, 8, 6, 5, 2, 8, 8, 8, 8]
[2026-05-16 09:46:16,419 INFO] lecarb.estimator.naru.made: encoded_bins (input): [8, 8, 8, 8, 7, 8, 6, 5, 2, 8, 8, 8, 8]
[2026-05-16 09:46:16,423 INFO] lecarb.estimator.utils: Number of model parameters: 17252 (~= 0.07MB)
[2026-05-16 09:46:16,423 INFO] lecarb.estimator.utils: MADE(
  (net): Sequential(
    (0): MaskedLinear(in_features=92, out_features=16, bias=True)
    (1): MaskedResidualBlock(
      (layers): ModuleList(
        (0): MaskedLinear(in_features=16, out_features=16, bias=True)
        (1): MaskedLinear(in_features=16, out_features=16, bias=True)
      )
      (activation): ReLU()
    )
    (2): MaskedResidualBlock(
      (layers): ModuleList(
        (0): MaskedLinear(in_features=16, out_features=16, bias=True)
        (1): MaskedLinear(in_features=16, out_features=16, bias=True)
      )
      (activation): ReLU()
    )
    (3): MaskedResidualBlock(
      (layers): ModuleList(
        (0): MaskedLinear(in_features=16, out_features=16, bias=True)
        (1): MaskedLinear(in_features=16, out_features=16, bias=True)
      )
      (activation): ReLU()
    )
    (4): MaskedLinear(in_features=16, out_features=92, bias=True)
  )
  (embeddings): ModuleList(
    (0): Embedding(74, 8)
    (1): Embedding(9, 8)
    (2): Embedding(16, 8)
    (3): Embedding(16, 8)
    (4): None
    (5): Embedding(15, 8)
    (6): None
    (7): None
    (8): None
    (9): Embedding(123, 8)
    (10): Embedding(99, 8)
    (11): Embedding(96, 8)
    (12): Embedding(42, 8)
  )
  (unk_embeddings): ParameterList(
      (0): Parameter containing: [torch.FloatTensor of size 1x8]
      (1): Parameter containing: [torch.FloatTensor of size 1x8]
      (2): Parameter containing: [torch.FloatTensor of size 1x8]
      (3): Parameter containing: [torch.FloatTensor of size 1x8]
      (4): Parameter containing: [torch.FloatTensor of size 1x7]
      (5): Parameter containing: [torch.FloatTensor of size 1x8]
      (6): Parameter containing: [torch.FloatTensor of size 1x6]
      (7): Parameter containing: [torch.FloatTensor of size 1x5]
      (8): Parameter containing: [torch.FloatTensor of size 1x2]
      (9): Parameter containing: [torch.FloatTensor of size 1x8]
      (10): Parameter containing: [torch.FloatTensor of size 1x8]
      (11): Parameter containing: [torch.FloatTensor of size 1x8]
      (12): Parameter containing: [torch.FloatTensor of size 1x8]
  )
  (direct_io_layer): MaskedLinear(in_features=92, out_features=92, bias=True)
)
[2026-05-16 09:46:16,423 INFO] lecarb.estimator.naru.naru: Applying InitWeight()
[2026-05-16 09:46:16,424 INFO] lecarb.estimator.naru.naru: start building naru dataset for table census13_original...
[2026-05-16 09:46:16,430 INFO] lecarb.estimator.naru.naru: dataset build finished
[2026-05-16 09:46:16,430 INFO] lecarb.estimator.naru.naru: calculate table entropy...
[2026-05-16 09:46:16,443 INFO] lecarb.estimator.naru.naru: Entropy of census13_original: 15.1618 bits
[2026-05-16 09:46:20,118 INFO] lecarb.estimator.naru.naru: epoch 1 train loss 28.8862 nats / 41.6740 bits, time since start: 0.1 mins
[2026-05-16 09:46:23,157 INFO] lecarb.estimator.naru.naru: epoch 2 train loss 19.9451 nats / 28.7746 bits, time since start: 0.1 mins
[2026-05-16 09:46:25,486 INFO] lecarb.estimator.naru.naru: epoch 3 train loss 19.2900 nats / 27.8296 bits, time since start: 0.2 mins
[2026-05-16 09:46:28,053 INFO] lecarb.estimator.naru.naru: epoch 4 train loss 18.9686 nats / 27.3659 bits, time since start: 0.2 mins
[2026-05-16 09:46:30,440 INFO] lecarb.estimator.naru.naru: epoch 5 train loss 18.6938 nats / 26.9694 bits, time since start: 0.2 mins
[2026-05-16 09:46:32,781 INFO] lecarb.estimator.naru.naru: epoch 6 train loss 18.4337 nats / 26.5942 bits, time since start: 0.3 mins
[2026-05-16 09:46:35,153 INFO] lecarb.estimator.naru.naru: epoch 7 train loss 18.1397 nats / 26.1701 bits, time since start: 0.3 mins
[2026-05-16 09:46:37,554 INFO] lecarb.estimator.naru.naru: epoch 8 train loss 17.8645 nats / 25.7731 bits, time since start: 0.4 mins
[2026-05-16 09:46:39,847 INFO] lecarb.estimator.naru.naru: epoch 9 train loss 17.9321 nats / 25.8705 bits, time since start: 0.4 mins
[2026-05-16 09:46:42,221 INFO] lecarb.estimator.naru.naru: epoch 10 train loss 17.8556 nats / 25.7602 bits, time since start: 0.4 mins
[2026-05-16 09:46:44,511 INFO] lecarb.estimator.naru.naru: epoch 11 train loss 17.6248 nats / 25.4273 bits, time since start: 0.5 mins
[2026-05-16 09:46:47,150 INFO] lecarb.estimator.naru.naru: epoch 12 train loss 17.5285 nats / 25.2883 bits, time since start: 0.5 mins
[2026-05-16 09:46:49,507 INFO] lecarb.estimator.naru.naru: epoch 13 train loss 17.3414 nats / 25.0183 bits, time since start: 0.6 mins
[2026-05-16 09:46:51,944 INFO] lecarb.estimator.naru.naru: epoch 14 train loss 17.2732 nats / 24.9199 bits, time since start: 0.6 mins
[2026-05-16 09:46:54,397 INFO] lecarb.estimator.naru.naru: epoch 15 train loss 17.0850 nats / 24.6484 bits, time since start: 0.6 mins
[2026-05-16 09:46:57,350 INFO] lecarb.estimator.naru.naru: epoch 16 train loss 17.1133 nats / 24.6892 bits, time since start: 0.7 mins
[2026-05-16 09:46:59,714 INFO] lecarb.estimator.naru.naru: epoch 17 train loss 17.2032 nats / 24.8190 bits, time since start: 0.7 mins
[2026-05-16 09:47:02,095 INFO] lecarb.estimator.naru.naru: epoch 18 train loss 16.9796 nats / 24.4964 bits, time since start: 0.8 mins
[2026-05-16 09:47:04,380 INFO] lecarb.estimator.naru.naru: epoch 19 train loss 17.0375 nats / 24.5799 bits, time since start: 0.8 mins
[2026-05-16 09:47:06,663 INFO] lecarb.estimator.naru.naru: epoch 20 train loss 17.1102 nats / 24.6848 bits, time since start: 0.8 mins
[2026-05-16 09:47:08,850 INFO] lecarb.estimator.naru.naru: epoch 21 train loss 17.2531 nats / 24.8909 bits, time since start: 0.9 mins
[2026-05-16 09:47:11,067 INFO] lecarb.estimator.naru.naru: epoch 22 train loss 16.9384 nats / 24.4370 bits, time since start: 0.9 mins
[2026-05-16 09:47:13,294 INFO] lecarb.estimator.naru.naru: epoch 23 train loss 17.0656 nats / 24.6205 bits, time since start: 0.9 mins
[2026-05-16 09:47:15,506 INFO] lecarb.estimator.naru.naru: epoch 24 train loss 16.6890 nats / 24.0771 bits, time since start: 1.0 mins
[2026-05-16 09:47:17,680 INFO] lecarb.estimator.naru.naru: epoch 25 train loss 17.0350 nats / 24.5763 bits, time since start: 1.0 mins
[2026-05-16 09:47:19,779 INFO] lecarb.estimator.naru.naru: epoch 26 train loss 17.1443 nats / 24.7340 bits, time since start: 1.1 mins
[2026-05-16 09:47:22,017 INFO] lecarb.estimator.naru.naru: epoch 27 train loss 16.7769 nats / 24.2040 bits, time since start: 1.1 mins
[2026-05-16 09:47:24,207 INFO] lecarb.estimator.naru.naru: epoch 28 train loss 17.0811 nats / 24.6428 bits, time since start: 1.1 mins
[2026-05-16 09:47:26,385 INFO] lecarb.estimator.naru.naru: epoch 29 train loss 16.6854 nats / 24.0719 bits, time since start: 1.2 mins
[2026-05-16 09:47:28,566 INFO] lecarb.estimator.naru.naru: epoch 30 train loss 16.9245 nats / 24.4168 bits, time since start: 1.2 mins
[2026-05-16 09:47:30,728 INFO] lecarb.estimator.naru.naru: epoch 31 train loss 16.8693 nats / 24.3373 bits, time since start: 1.2 mins
[2026-05-16 09:47:32,885 INFO] lecarb.estimator.naru.naru: epoch 32 train loss 16.8962 nats / 24.3761 bits, time since start: 1.3 mins
[2026-05-16 09:47:35,210 INFO] lecarb.estimator.naru.naru: epoch 33 train loss 17.0122 nats / 24.5434 bits, time since start: 1.3 mins
[2026-05-16 09:47:37,427 INFO] lecarb.estimator.naru.naru: epoch 34 train loss 17.1171 nats / 24.6947 bits, time since start: 1.3 mins
[2026-05-16 09:47:39,689 INFO] lecarb.estimator.naru.naru: epoch 35 train loss 17.1972 nats / 24.8103 bits, time since start: 1.4 mins
[2026-05-16 09:47:41,880 INFO] lecarb.estimator.naru.naru: epoch 36 train loss 16.8511 nats / 24.3109 bits, time since start: 1.4 mins
[2026-05-16 09:47:44,118 INFO] lecarb.estimator.naru.naru: epoch 37 train loss 17.0310 nats / 24.5705 bits, time since start: 1.5 mins
[2026-05-16 09:47:46,383 INFO] lecarb.estimator.naru.naru: epoch 38 train loss 17.1538 nats / 24.7478 bits, time since start: 1.5 mins
[2026-05-16 09:47:48,523 INFO] lecarb.estimator.naru.naru: epoch 39 train loss 16.7413 nats / 24.1526 bits, time since start: 1.5 mins
[2026-05-16 09:47:50,707 INFO] lecarb.estimator.naru.naru: epoch 40 train loss 16.9095 nats / 24.3953 bits, time since start: 1.6 mins
[2026-05-16 09:47:52,925 INFO] lecarb.estimator.naru.naru: epoch 41 train loss 16.9757 nats / 24.4907 bits, time since start: 1.6 mins
[2026-05-16 09:47:55,045 INFO] lecarb.estimator.naru.naru: epoch 42 train loss 16.9467 nats / 24.4489 bits, time since start: 1.6 mins
[2026-05-16 09:47:57,157 INFO] lecarb.estimator.naru.naru: epoch 43 train loss 16.6010 nats / 23.9502 bits, time since start: 1.7 mins
[2026-05-16 09:47:59,407 INFO] lecarb.estimator.naru.naru: epoch 44 train loss 16.8604 nats / 24.3245 bits, time since start: 1.7 mins
[2026-05-16 09:48:01,562 INFO] lecarb.estimator.naru.naru: epoch 45 train loss 16.6642 nats / 24.0414 bits, time since start: 1.8 mins
[2026-05-16 09:48:03,750 INFO] lecarb.estimator.naru.naru: epoch 46 train loss 16.9808 nats / 24.4982 bits, time since start: 1.8 mins
[2026-05-16 09:48:05,895 INFO] lecarb.estimator.naru.naru: epoch 47 train loss 16.9673 nats / 24.4786 bits, time since start: 1.8 mins
[2026-05-16 09:48:08,055 INFO] lecarb.estimator.naru.naru: epoch 48 train loss 16.8273 nats / 24.2766 bits, time since start: 1.9 mins
[2026-05-16 09:48:10,255 INFO] lecarb.estimator.naru.naru: epoch 49 train loss 16.9292 nats / 24.4236 bits, time since start: 1.9 mins
[2026-05-16 09:48:12,503 INFO] lecarb.estimator.naru.naru: epoch 50 train loss 16.8559 nats / 24.3180 bits, time since start: 1.9 mins
[2026-05-16 09:48:14,693 INFO] lecarb.estimator.naru.naru: epoch 51 train loss 16.9636 nats / 24.4733 bits, time since start: 2.0 mins
[2026-05-16 09:48:16,969 INFO] lecarb.estimator.naru.naru: epoch 52 train loss 16.8564 nats / 24.3186 bits, time since start: 2.0 mins
[2026-05-16 09:48:19,121 INFO] lecarb.estimator.naru.naru: epoch 53 train loss 16.8957 nats / 24.3754 bits, time since start: 2.0 mins
[2026-05-16 09:48:21,340 INFO] lecarb.estimator.naru.naru: epoch 54 train loss 16.7904 nats / 24.2234 bits, time since start: 2.1 mins
[2026-05-16 09:48:23,464 INFO] lecarb.estimator.naru.naru: epoch 55 train loss 17.0610 nats / 24.6138 bits, time since start: 2.1 mins
[2026-05-16 09:48:25,789 INFO] lecarb.estimator.naru.naru: epoch 56 train loss 16.6716 nats / 24.0521 bits, time since start: 2.2 mins
[2026-05-16 09:48:27,972 INFO] lecarb.estimator.naru.naru: epoch 57 train loss 16.8022 nats / 24.2404 bits, time since start: 2.2 mins
[2026-05-16 09:48:30,318 INFO] lecarb.estimator.naru.naru: epoch 58 train loss 16.9846 nats / 24.5036 bits, time since start: 2.2 mins
[2026-05-16 09:48:32,531 INFO] lecarb.estimator.naru.naru: epoch 59 train loss 16.8285 nats / 24.2785 bits, time since start: 2.3 mins
[2026-05-16 09:48:34,634 INFO] lecarb.estimator.naru.naru: epoch 60 train loss 16.9041 nats / 24.3875 bits, time since start: 2.3 mins
[2026-05-16 09:48:36,830 INFO] lecarb.estimator.naru.naru: epoch 61 train loss 16.6024 nats / 23.9522 bits, time since start: 2.3 mins
[2026-05-16 09:48:38,993 INFO] lecarb.estimator.naru.naru: epoch 62 train loss 16.7747 nats / 24.2008 bits, time since start: 2.4 mins
[2026-05-16 09:48:41,121 INFO] lecarb.estimator.naru.naru: epoch 63 train loss 16.9293 nats / 24.4239 bits, time since start: 2.4 mins
[2026-05-16 09:48:43,380 INFO] lecarb.estimator.naru.naru: epoch 64 train loss 16.8552 nats / 24.3169 bits, time since start: 2.4 mins
[2026-05-16 09:48:45,521 INFO] lecarb.estimator.naru.naru: epoch 65 train loss 16.8087 nats / 24.2499 bits, time since start: 2.5 mins
[2026-05-16 09:48:47,651 INFO] lecarb.estimator.naru.naru: epoch 66 train loss 16.7759 nats / 24.2025 bits, time since start: 2.5 mins
[2026-05-16 09:48:49,709 INFO] lecarb.estimator.naru.naru: epoch 67 train loss 17.1213 nats / 24.7008 bits, time since start: 2.6 mins
[2026-05-16 09:48:51,862 INFO] lecarb.estimator.naru.naru: epoch 68 train loss 16.7997 nats / 24.2368 bits, time since start: 2.6 mins
[2026-05-16 09:48:54,066 INFO] lecarb.estimator.naru.naru: epoch 69 train loss 16.9196 nats / 24.4098 bits, time since start: 2.6 mins
[2026-05-16 09:48:56,180 INFO] lecarb.estimator.naru.naru: epoch 70 train loss 16.9704 nats / 24.4830 bits, time since start: 2.7 mins
[2026-05-16 09:48:58,303 INFO] lecarb.estimator.naru.naru: epoch 71 train loss 16.8886 nats / 24.3650 bits, time since start: 2.7 mins
[2026-05-16 09:49:00,397 INFO] lecarb.estimator.naru.naru: epoch 72 train loss 17.0254 nats / 24.5624 bits, time since start: 2.7 mins
[2026-05-16 09:49:02,575 INFO] lecarb.estimator.naru.naru: epoch 73 train loss 16.8467 nats / 24.3046 bits, time since start: 2.8 mins
[2026-05-16 09:49:04,741 INFO] lecarb.estimator.naru.naru: epoch 74 train loss 16.9383 nats / 24.4369 bits, time since start: 2.8 mins
[2026-05-16 09:49:06,435 INFO] lecarb.estimator.naru.naru: epoch 75 train loss 16.6733 nats / 24.0545 bits, time since start: 2.8 mins
[2026-05-16 09:49:08,032 INFO] lecarb.estimator.naru.naru: epoch 76 train loss 16.7903 nats / 24.2232 bits, time since start: 2.9 mins
[2026-05-16 09:49:09,639 INFO] lecarb.estimator.naru.naru: epoch 77 train loss 16.8366 nats / 24.2900 bits, time since start: 2.9 mins
[2026-05-16 09:49:11,311 INFO] lecarb.estimator.naru.naru: epoch 78 train loss 16.7588 nats / 24.1778 bits, time since start: 2.9 mins
[2026-05-16 09:49:12,956 INFO] lecarb.estimator.naru.naru: epoch 79 train loss 17.0543 nats / 24.6041 bits, time since start: 2.9 mins
[2026-05-16 09:49:14,463 INFO] lecarb.estimator.naru.naru: epoch 80 train loss 16.7871 nats / 24.2187 bits, time since start: 3.0 mins
[2026-05-16 09:49:16,067 INFO] lecarb.estimator.naru.naru: epoch 81 train loss 16.7149 nats / 24.1146 bits, time since start: 3.0 mins
[2026-05-16 09:49:17,643 INFO] lecarb.estimator.naru.naru: epoch 82 train loss 16.7012 nats / 24.0948 bits, time since start: 3.0 mins
[2026-05-16 09:49:19,252 INFO] lecarb.estimator.naru.naru: epoch 83 train loss 16.6845 nats / 24.0707 bits, time since start: 3.0 mins
[2026-05-16 09:49:20,948 INFO] lecarb.estimator.naru.naru: epoch 84 train loss 16.9027 nats / 24.3854 bits, time since start: 3.1 mins
[2026-05-16 09:49:22,526 INFO] lecarb.estimator.naru.naru: epoch 85 train loss 16.5049 nats / 23.8115 bits, time since start: 3.1 mins
[2026-05-16 09:49:24,131 INFO] lecarb.estimator.naru.naru: epoch 86 train loss 16.8738 nats / 24.3438 bits, time since start: 3.1 mins
[2026-05-16 09:49:25,810 INFO] lecarb.estimator.naru.naru: epoch 87 train loss 16.6491 nats / 24.0196 bits, time since start: 3.2 mins
[2026-05-16 09:49:27,559 INFO] lecarb.estimator.naru.naru: epoch 88 train loss 16.6894 nats / 24.0777 bits, time since start: 3.2 mins
[2026-05-16 09:49:29,401 INFO] lecarb.estimator.naru.naru: epoch 89 train loss 17.0608 nats / 24.6135 bits, time since start: 3.2 mins
[2026-05-16 09:49:31,347 INFO] lecarb.estimator.naru.naru: epoch 90 train loss 16.8417 nats / 24.2975 bits, time since start: 3.2 mins
[2026-05-16 09:49:33,212 INFO] lecarb.estimator.naru.naru: epoch 91 train loss 16.9297 nats / 24.4243 bits, time since start: 3.3 mins
[2026-05-16 09:49:35,208 INFO] lecarb.estimator.naru.naru: epoch 92 train loss 16.8632 nats / 24.3285 bits, time since start: 3.3 mins
[2026-05-16 09:49:37,299 INFO] lecarb.estimator.naru.naru: epoch 93 train loss 16.7738 nats / 24.1994 bits, time since start: 3.3 mins
[2026-05-16 09:49:39,253 INFO] lecarb.estimator.naru.naru: epoch 94 train loss 16.6710 nats / 24.0512 bits, time since start: 3.4 mins
[2026-05-16 09:49:41,301 INFO] lecarb.estimator.naru.naru: epoch 95 train loss 16.9112 nats / 24.3976 bits, time since start: 3.4 mins
[2026-05-16 09:49:43,413 INFO] lecarb.estimator.naru.naru: epoch 96 train loss 16.9809 nats / 24.4982 bits, time since start: 3.4 mins
[2026-05-16 09:49:45,484 INFO] lecarb.estimator.naru.naru: epoch 97 train loss 16.5403 nats / 23.8626 bits, time since start: 3.5 mins
[2026-05-16 09:49:47,556 INFO] lecarb.estimator.naru.naru: epoch 98 train loss 16.9035 nats / 24.3867 bits, time since start: 3.5 mins
[2026-05-16 09:49:49,451 INFO] lecarb.estimator.naru.naru: epoch 99 train loss 16.7556 nats / 24.1732 bits, time since start: 3.6 mins
[2026-05-16 09:49:51,388 INFO] lecarb.estimator.naru.naru: epoch 100 train loss 16.7981 nats / 24.2346 bits, time since start: 3.6 mins
[2026-05-16 09:49:51,388 INFO] lecarb.estimator.naru.naru: Training finished! Time spent since start: 3.6 mins
[2026-05-16 09:49:51,388 INFO] lecarb.estimator.naru.naru: Evaluating likelihood on full data...
[2026-05-16 09:49:51,888 INFO] lecarb.estimator.naru.naru: Evaluating on valid set with 100 queries...
[2026-05-16 09:49:51,889 INFO] lecarb.estimator.naru.naru: Setting masked_weight in MADE, do not retrain!
[2026-05-16 09:49:51,889 INFO] lecarb.estimator.naru.naru: Setting masked_weight in MADE, do not retrain!
[2026-05-16 09:49:55,836 INFO] lecarb.estimator.utils: {'max': 6.0, '99th': 3.525000000000013, '95th': 2.119470509383378, '90th': 2.0, 'median': 1.1823754789272032, 'mean': 1.3955998812617219, 'gmean': 1.313348965207027}
[2026-05-16 09:49:55,840 INFO] lecarb.estimator.naru.naru: model saved to:output/model/census13/original-resmade_hid16,16,16,16_emb8_ep100_embedInembedOut_warm0-123.pt
