uv run python -m lecarb test -s123 -dcensus13 -voriginal -wbase -esample --params "{'version': 'original', 'ratio': 0.015}"
Uninstalled 1 package in 0.99ms
Installed 1 package in 3ms
/home/student.unimelb.edu.au/yli16636/Desktop/AreCELearnedYet/.venv/lib/python3.8/site-packages/dask/dataframe/utils.py:15: FutureWarning: pandas.util.testing is deprecated. Use the functions in the public API at pandas.testing instead.
  import pandas.util.testing as tm
[2026-05-15 14:14:08,390 INFO] lecarb.dataset.dataset: table exists, load...
[2026-05-15 14:14:08,393 INFO] lecarb.dataset.dataset: load finished: Table census13_original (48842 rows, 4.84MB, columns:
Column(age, type=int64, vocab size=74, min=17, max=90, has NaN=False)
Column(workclass, type=category, vocab size=9, min=?, max=Without-pay, has NaN=False)
Column(education, type=category, vocab size=16, min=10th, max=Some-college, has NaN=False)
Column(education_num, type=int64, vocab size=16, min=1, max=16, has NaN=False)
Column(marital_status, type=category, vocab size=7, min=Divorced, max=Widowed, has NaN=False)
Column(occupation, type=category, vocab size=15, min=?, max=Transport-moving, has NaN=False)
Column(relationship, type=category, vocab size=6, min=Husband, max=Wife, has NaN=False)
Column(race, type=category, vocab size=5, min=Amer-Indian-Eskimo, max=White, has NaN=False)
Column(sex, type=category, vocab size=2, min=Female, max=Male, has NaN=False)
Column(capital_gain, type=int64, vocab size=123, min=0, max=99999, has NaN=False)
Column(capital_loss, type=int64, vocab size=99, min=0, max=4356, has NaN=False)
Column(hours_per_week, type=int64, vocab size=96, min=1, max=99, has NaN=False)
Column(native_country, type=category, vocab size=42, min=?, max=Yugoslavia, has NaN=False))
[2026-05-15 14:14:08,393 INFO] lecarb.estimator.sample: construct sampling estimator...
[2026-05-15 14:14:08,395 INFO] lecarb.estimator.sample: built sampling estimator: sampling-version=original;ratio=0.015;seed=123
[2026-05-15 14:14:08,395 INFO] lecarb.estimator.utils: torch threads: 16
[2026-05-15 14:14:08,395 INFO] lecarb.estimator.utils: Start loading queryset:base and labels for version original of dataset census13...
[2026-05-15 14:14:09,627 INFO] lecarb.estimator.utils: Start test estimator on test queries...
[2026-05-15 14:14:10,271 INFO] lecarb.estimator.utils: 1000 queries finished
[2026-05-15 14:14:10,899 INFO] lecarb.estimator.utils: 2000 queries finished
[2026-05-15 14:14:11,547 INFO] lecarb.estimator.utils: 3000 queries finished
[2026-05-15 14:14:12,181 INFO] lecarb.estimator.utils: 4000 queries finished
[2026-05-15 14:14:12,832 INFO] lecarb.estimator.utils: 5000 queries finished
[2026-05-15 14:14:13,492 INFO] lecarb.estimator.utils: 6000 queries finished
[2026-05-15 14:14:14,143 INFO] lecarb.estimator.utils: 7000 queries finished
[2026-05-15 14:14:14,806 INFO] lecarb.estimator.utils: 8000 queries finished
[2026-05-15 14:14:15,482 INFO] lecarb.estimator.utils: 9000 queries finished
[2026-05-15 14:14:16,129 INFO] lecarb.estimator.utils: 10000 queries finished
[2026-05-15 14:14:16,129 INFO] lecarb.estimator.utils: Test finished, 0.6362218856811523 ms/query in average
[2026-05-15 14:14:16,134 INFO] lecarb.estimator.utils: {'max': 389.0, '99th': 90.01000000000022, '95th': 31.0, '90th': 14.0, 'median': 1.1627906976744187, 'mean': 6.399003371883682, 'gmean': 2.0956285599395126}
